{"C:\\Users\\edais\\Desktop\\CertVerify\\src\\app.js": {"path":"C:\\Users\\edais\\Desktop\\CertVerify\\src\\app.js","statementMap":{"0":{"start":{"line":1,"column":11},"end":{"line":1,"column":24}},"1":{"start":{"line":2,"column":13},"end":{"line":2,"column":28}},"2":{"start":{"line":3,"column":16},"end":{"line":3,"column":34}},"3":{"start":{"line":4,"column":12},"end":{"line":4,"column":21}},"4":{"start":{"line":5,"column":0},"end":{"line":5,"column":27}},"5":{"start":{"line":6,"column":13},"end":{"line":6,"column":37}},"6":{"start":{"line":8,"column":15},"end":{"line":8,"column":32}},"7":{"start":{"line":9,"column":15},"end":{"line":9,"column":23}},"8":{"start":{"line":11,"column":19},"end":{"line":11,"column":50}},"9":{"start":{"line":12,"column":0},"end":{"line":12,"column":36}},"10":{"start":{"line":13,"column":0},"end":{"line":13,"column":24}},"11":{"start":{"line":15,"column":19},"end":{"line":15,"column":44}},"12":{"start":{"line":16,"column":0},"end":{"line":16,"column":20}},"13":{"start":{"line":18,"column":23},"end":{"line":18,"column":41}},"14":{"start":{"line":19,"column":11},"end":{"line":19,"column":29}},"15":{"start":{"line":21,"column":22},"end":{"line":21,"column":54}},"16":{"start":{"line":22,"column":19},"end":{"line":22,"column":45}},"17":{"start":{"line":24,"column":12},"end":{"line":27,"column":1}},"18":{"start":{"line":25,"column":2},"end":{"line":25,"column":33}},"19":{"start":{"line":26,"column":2},"end":{"line":26,"column":9}},"20":{"start":{"line":29,"column":0},"end":{"line":31,"column":3}},"21":{"start":{"line":30,"column":2},"end":{"line":30,"column":71}},"22":{"start":{"line":33,"column":0},"end":{"line":42,"column":3}},"23":{"start":{"line":34,"column":25},"end":{"line":34,"column":35}},"24":{"start":{"line":35,"column":17},"end":{"line":38,"column":3}},"25":{"start":{"line":39,"column":15},"end":{"line":39,"column":44}},"26":{"start":{"line":40,"column":2},"end":{"line":40,"column":51}},"27":{"start":{"line":41,"column":2},"end":{"line":41,"column":24}},"28":{"start":{"line":44,"column":0},"end":{"line":47,"column":3}},"29":{"start":{"line":45,"column":16},"end":{"line":45,"column":34}},"30":{"start":{"line":46,"column":2},"end":{"line":46,"column":30}},"31":{"start":{"line":49,"column":0},"end":{"line":58,"column":3}},"32":{"start":{"line":50,"column":25},"end":{"line":50,"column":40}},"33":{"start":{"line":51,"column":2},"end":{"line":57,"column":3}},"34":{"start":{"line":52,"column":4},"end":{"line":52,"column":32}},"35":{"start":{"line":53,"column":4},"end":{"line":53,"column":31}},"36":{"start":{"line":55,"column":4},"end":{"line":55,"column":24}},"37":{"start":{"line":56,"column":4},"end":{"line":56,"column":23}},"38":{"start":{"line":60,"column":0},"end":{"line":62,"column":3}},"39":{"start":{"line":61,"column":2},"end":{"line":61,"column":15}},"40":{"start":{"line":64,"column":0},"end":{"line":69,"column":3}},"41":{"start":{"line":65,"column":2},"end":{"line":65,"column":42}},"42":{"start":{"line":71,"column":0},"end":{"line":73,"column":2}}},"fnMap":{"0":{"name":"(anonymous_0)","decl":{"start":{"line":24,"column":12},"end":{"line":24,"column":13}},"loc":{"start":{"line":24,"column":32},"end":{"line":27,"column":1}},"line":24},"1":{"name":"(anonymous_1)","decl":{"start":{"line":29,"column":22},"end":{"line":29,"column":23}},"loc":{"start":{"line":29,"column":36},"end":{"line":31,"column":1}},"line":29},"2":{"name":"(anonymous_2)","decl":{"start":{"line":33,"column":27},"end":{"line":33,"column":28}},"loc":{"start":{"line":33,"column":47},"end":{"line":42,"column":1}},"line":33},"3":{"name":"(anonymous_3)","decl":{"start":{"line":44,"column":24},"end":{"line":44,"column":25}},"loc":{"start":{"line":44,"column":44},"end":{"line":47,"column":1}},"line":44},"4":{"name":"(anonymous_4)","decl":{"start":{"line":49,"column":56},"end":{"line":49,"column":57}},"loc":{"start":{"line":49,"column":76},"end":{"line":58,"column":1}},"line":49},"5":{"name":"(anonymous_5)","decl":{"start":{"line":60,"column":21},"end":{"line":60,"column":22}},"loc":{"start":{"line":60,"column":27},"end":{"line":62,"column":1}},"line":60},"6":{"name":"(anonymous_6)","decl":{"start":{"line":64,"column":15},"end":{"line":64,"column":16}},"loc":{"start":{"line":64,"column":21},"end":{"line":69,"column":1}},"line":64}},"branchMap":{"0":{"loc":{"start":{"line":6,"column":13},"end":{"line":6,"column":37}},"type":"binary-expr","locations":[{"start":{"line":6,"column":13},"end":{"line":6,"column":29}},{"start":{"line":6,"column":33},"end":{"line":6,"column":37}}],"line":6}},"s":{"0":2,"1":2,"2":2,"3":2,"4":2,"5":2,"6":2,"7":2,"8":2,"9":2,"10":2,"11":2,"12":2,"13":2,"14":2,"15":2,"16":2,"17":2,"18":1,"19":1,"20":2,"21":1,"22":2,"23":0,"24":0,"25":0,"26":0,"27":0,"28":2,"29":0,"30":0,"31":2,"32":0,"33":0,"34":0,"35":0,"36":0,"37":0,"38":2,"39":0,"40":2,"41":2,"42":2},"f":{"0":1,"1":1,"2":0,"3":0,"4":0,"5":0,"6":2},"b":{"0":[2,0]},"_coverageSchema":"1a1c01bbd47fc00a2c39e90264f33305004495a9","hash":"66a40b85654eebbab149b41702544e2c30b7679b"}
,"C:\\Users\\edais\\Desktop\\CertVerify\\src\\utils.js": {"path":"C:\\Users\\edais\\Desktop\\CertVerify\\src\\utils.js","statementMap":{"0":{"start":{"line":1,"column":11},"end":{"line":1,"column":24}},"1":{"start":{"line":2,"column":13},"end":{"line":2,"column":28}},"2":{"start":{"line":3,"column":39},"end":{"line":3,"column":57}},"3":{"start":{"line":4,"column":15},"end":{"line":4,"column":32}},"4":{"start":{"line":5,"column":21},"end":{"line":5,"column":37}},"5":{"start":{"line":6,"column":11},"end":{"line":6,"column":29}},"6":{"start":{"line":7,"column":19},"end":{"line":7,"column":45}},"7":{"start":{"line":9,"column":15},"end":{"line":9,"column":32}},"8":{"start":{"line":10,"column":19},"end":{"line":10,"column":21}},"9":{"start":{"line":12,"column":26},"end":{"line":17,"column":1}},"10":{"start":{"line":13,"column":22},"end":{"line":15,"column":3}},"11":{"start":{"line":16,"column":2},"end":{"line":16,"column":21}},"12":{"start":{"line":20,"column":25},"end":{"line":20,"column":50}},"13":{"start":{"line":21,"column":26},"end":{"line":21,"column":52}},"14":{"start":{"line":22,"column":25},"end":{"line":22,"column":50}},"15":{"start":{"line":23,"column":23},"end":{"line":23,"column":46}},"16":{"start":{"line":25,"column":18},"end":{"line":30,"column":1}},"17":{"start":{"line":33,"column":11},"end":{"line":42,"column":1}},"18":{"start":{"line":44,"column":23},"end":{"line":47,"column":1}},"19":{"start":{"line":45,"column":17},"end":{"line":45,"column":51}},"20":{"start":{"line":46,"column":2},"end":{"line":46,"column":16}},"21":{"start":{"line":49,"column":22},"end":{"line":55,"column":1}},"22":{"start":{"line":50,"column":2},"end":{"line":50,"column":76}},"23":{"start":{"line":51,"column":20},"end":{"line":53,"column":4}},"24":{"start":{"line":54,"column":2},"end":{"line":54,"column":59}},"25":{"start":{"line":57,"column":20},"end":{"line":117,"column":1}},"26":{"start":{"line":59,"column":4},"end":{"line":59,"column":11}},"27":{"start":{"line":60,"column":24},"end":{"line":60,"column":51}},"28":{"start":{"line":61,"column":13},"end":{"line":61,"column":35}},"29":{"start":{"line":62,"column":19},"end":{"line":62,"column":60}},"30":{"start":{"line":64,"column":2},"end":{"line":64,"column":34}},"31":{"start":{"line":66,"column":18},"end":{"line":66,"column":65}},"32":{"start":{"line":68,"column":15},"end":{"line":68,"column":33}},"33":{"start":{"line":69,"column":15},"end":{"line":69,"column":36}},"34":{"start":{"line":70,"column":21},"end":{"line":70,"column":48}},"35":{"start":{"line":71,"column":17},"end":{"line":71,"column":40}},"36":{"start":{"line":72,"column":17},"end":{"line":72,"column":40}},"37":{"start":{"line":73,"column":21},"end":{"line":73,"column":48}},"38":{"start":{"line":75,"column":26},"end":{"line":75,"column":58}},"39":{"start":{"line":77,"column":20},"end":{"line":77,"column":78}},"40":{"start":{"line":78,"column":18},"end":{"line":78,"column":52}},"41":{"start":{"line":79,"column":2},"end":{"line":79,"column":27}},"42":{"start":{"line":81,"column":19},"end":{"line":81,"column":75}},"43":{"start":{"line":82,"column":2},"end":{"line":82,"column":25}},"44":{"start":{"line":83,"column":2},"end":{"line":83,"column":23}},"45":{"start":{"line":84,"column":21},"end":{"line":84,"column":72}},"46":{"start":{"line":85,"column":2},"end":{"line":85,"column":73}},"47":{"start":{"line":87,"column":2},"end":{"line":87,"column":49}},"48":{"start":{"line":88,"column":2},"end":{"line":88,"column":32}},"49":{"start":{"line":90,"column":2},"end":{"line":93,"column":5}},"50":{"start":{"line":91,"column":4},"end":{"line":91,"column":41}},"51":{"start":{"line":92,"column":4},"end":{"line":92,"column":23}},"52":{"start":{"line":95,"column":2},"end":{"line":95,"column":17}},"53":{"start":{"line":96,"column":19},"end":{"line":98,"column":4}},"54":{"start":{"line":99,"column":2},"end":{"line":108,"column":4}},"55":{"start":{"line":103,"column":6},"end":{"line":105,"column":7}},"56":{"start":{"line":104,"column":8},"end":{"line":104,"column":44}},"57":{"start":{"line":106,"column":6},"end":{"line":106,"column":53}},"58":{"start":{"line":109,"column":2},"end":{"line":116,"column":4}},"59":{"start":{"line":113,"column":6},"end":{"line":113,"column":25}},"60":{"start":{"line":113,"column":15},"end":{"line":113,"column":25}},"61":{"start":{"line":114,"column":6},"end":{"line":114,"column":46}},"62":{"start":{"line":119,"column":19},"end":{"line":145,"column":1}},"63":{"start":{"line":120,"column":22},"end":{"line":120,"column":48}},"64":{"start":{"line":121,"column":21},"end":{"line":121,"column":22}},"65":{"start":{"line":122,"column":22},"end":{"line":122,"column":23}},"66":{"start":{"line":123,"column":21},"end":{"line":123,"column":22}},"67":{"start":{"line":124,"column":19},"end":{"line":124,"column":20}},"68":{"start":{"line":125,"column":22},"end":{"line":125,"column":23}},"69":{"start":{"line":126,"column":2},"end":{"line":136,"column":5}},"70":{"start":{"line":127,"column":4},"end":{"line":135,"column":5}},"71":{"start":{"line":128,"column":6},"end":{"line":128,"column":21}},"72":{"start":{"line":129,"column":11},"end":{"line":135,"column":5}},"73":{"start":{"line":130,"column":6},"end":{"line":130,"column":22}},"74":{"start":{"line":131,"column":11},"end":{"line":135,"column":5}},"75":{"start":{"line":132,"column":6},"end":{"line":132,"column":19}},"76":{"start":{"line":134,"column":6},"end":{"line":134,"column":21}},"77":{"start":{"line":137,"column":2},"end":{"line":137,"column":75}},"78":{"start":{"line":138,"column":2},"end":{"line":144,"column":4}},"79":{"start":{"line":148,"column":21},"end":{"line":155,"column":1}},"80":{"start":{"line":149,"column":2},"end":{"line":154,"column":5}},"81":{"start":{"line":150,"column":4},"end":{"line":153,"column":7}},"82":{"start":{"line":151,"column":23},"end":{"line":151,"column":27}},"83":{"start":{"line":152,"column":6},"end":{"line":152,"column":21}},"84":{"start":{"line":157,"column":24},"end":{"line":166,"column":1}},"85":{"start":{"line":158,"column":2},"end":{"line":165,"column":5}},"86":{"start":{"line":159,"column":4},"end":{"line":164,"column":7}},"87":{"start":{"line":160,"column":6},"end":{"line":162,"column":7}},"88":{"start":{"line":161,"column":8},"end":{"line":161,"column":27}},"89":{"start":{"line":163,"column":6},"end":{"line":163,"column":22}},"90":{"start":{"line":168,"column":0},"end":{"line":175,"column":2}}},"fnMap":{"0":{"name":"(anonymous_0)","decl":{"start":{"line":12,"column":26},"end":{"line":12,"column":27}},"loc":{"start":{"line":12,"column":38},"end":{"line":17,"column":1}},"line":12},"1":{"name":"(anonymous_1)","decl":{"start":{"line":44,"column":23},"end":{"line":44,"column":24}},"loc":{"start":{"line":44,"column":39},"end":{"line":47,"column":1}},"line":44},"2":{"name":"(anonymous_2)","decl":{"start":{"line":49,"column":22},"end":{"line":49,"column":23}},"loc":{"start":{"line":49,"column":43},"end":{"line":55,"column":1}},"line":49},"3":{"name":"(anonymous_3)","decl":{"start":{"line":57,"column":20},"end":{"line":57,"column":21}},"loc":{"start":{"line":57,"column":39},"end":{"line":117,"column":1}},"line":57},"4":{"name":"(anonymous_4)","decl":{"start":{"line":90,"column":26},"end":{"line":90,"column":27}},"loc":{"start":{"line":90,"column":34},"end":{"line":93,"column":3}},"line":90},"5":{"name":"(anonymous_5)","decl":{"start":{"line":102,"column":4},"end":{"line":102,"column":5}},"loc":{"start":{"line":102,"column":13},"end":{"line":107,"column":5}},"line":102},"6":{"name":"(anonymous_6)","decl":{"start":{"line":112,"column":4},"end":{"line":112,"column":5}},"loc":{"start":{"line":112,"column":13},"end":{"line":115,"column":5}},"line":112},"7":{"name":"(anonymous_7)","decl":{"start":{"line":119,"column":19},"end":{"line":119,"column":20}},"loc":{"start":{"line":119,"column":31},"end":{"line":145,"column":1}},"line":119},"8":{"name":"(anonymous_8)","decl":{"start":{"line":126,"column":33},"end":{"line":126,"column":34}},"loc":{"start":{"line":126,"column":41},"end":{"line":136,"column":3}},"line":126},"9":{"name":"(anonymous_9)","decl":{"start":{"line":148,"column":21},"end":{"line":148,"column":22}},"loc":{"start":{"line":148,"column":39},"end":{"line":155,"column":1}},"line":148},"10":{"name":"(anonymous_10)","decl":{"start":{"line":149,"column":29},"end":{"line":149,"column":30}},"loc":{"start":{"line":149,"column":44},"end":{"line":154,"column":3}},"line":149},"11":{"name":"(anonymous_11)","decl":{"start":{"line":150,"column":39},"end":{"line":150,"column":40}},"loc":{"start":{"line":150,"column":54},"end":{"line":153,"column":5}},"line":150},"12":{"name":"(anonymous_12)","decl":{"start":{"line":157,"column":24},"end":{"line":157,"column":25}},"loc":{"start":{"line":157,"column":44},"end":{"line":166,"column":1}},"line":157},"13":{"name":"(anonymous_13)","decl":{"start":{"line":158,"column":21},"end":{"line":158,"column":22}},"loc":{"start":{"line":158,"column":42},"end":{"line":165,"column":3}},"line":158},"14":{"name":"(anonymous_14)","decl":{"start":{"line":159,"column":35},"end":{"line":159,"column":36}},"loc":{"start":{"line":159,"column":52},"end":{"line":164,"column":5}},"line":159}},"branchMap":{"0":{"loc":{"start":{"line":103,"column":6},"end":{"line":105,"column":7}},"type":"if","locations":[{"start":{"line":103,"column":6},"end":{"line":105,"column":7}},{"start":{},"end":{}}],"line":103},"1":{"loc":{"start":{"line":113,"column":6},"end":{"line":113,"column":25}},"type":"if","locations":[{"start":{"line":113,"column":6},"end":{"line":113,"column":25}},{"start":{},"end":{}}],"line":113},"2":{"loc":{"start":{"line":127,"column":4},"end":{"line":135,"column":5}},"type":"if","locations":[{"start":{"line":127,"column":4},"end":{"line":135,"column":5}},{"start":{"line":129,"column":11},"end":{"line":135,"column":5}}],"line":127},"3":{"loc":{"start":{"line":129,"column":11},"end":{"line":135,"column":5}},"type":"if","locations":[{"start":{"line":129,"column":11},"end":{"line":135,"column":5}},{"start":{"line":131,"column":11},"end":{"line":135,"column":5}}],"line":129},"4":{"loc":{"start":{"line":131,"column":11},"end":{"line":135,"column":5}},"type":"if","locations":[{"start":{"line":131,"column":11},"end":{"line":135,"column":5}},{"start":{"line":133,"column":11},"end":{"line":135,"column":5}}],"line":131},"5":{"loc":{"start":{"line":160,"column":6},"end":{"line":162,"column":7}},"type":"if","locations":[{"start":{"line":160,"column":6},"end":{"line":162,"column":7}},{"start":{},"end":{}}],"line":160}},"s":{"0":3,"1":3,"2":3,"3":3,"4":3,"5":3,"6":3,"7":3,"8":3,"9":3,"10":13,"11":13,"12":3,"13":3,"14":3,"15":3,"16":3,"17":3,"18":3,"19":1,"20":1,"21":3,"22":2,"23":2,"24":2,"25":3,"26":1,"27":1,"28":1,"29":1,"30":1,"31":1,"32":1,"33":1,"34":1,"35":1,"36":1,"37":1,"38":1,"39":1,"40":1,"41":1,"42":1,"43":1,"44":1,"45":1,"46":1,"47":1,"48":1,"49":1,"50":3,"51":3,"52":1,"53":1,"54":1,"55":1,"56":0,"57":1,"58":1,"59":1,"60":0,"61":1,"62":3,"63":0,"64":0,"65":0,"66":0,"67":0,"68":0,"69":0,"70":0,"71":0,"72":0,"73":0,"74":0,"75":0,"76":0,"77":0,"78":0,"79":3,"80":2,"81":2,"82":2,"83":2,"84":3,"85":0,"86":0,"87":0,"88":0,"89":0,"90":3},"f":{"0":13,"1":1,"2":2,"3":1,"4":3,"5":1,"6":1,"7":0,"8":0,"9":2,"10":2,"11":2,"12":0,"13":0,"14":0},"b":{"0":[0,1],"1":[0,1],"2":[0,0],"3":[0,0],"4":[0,0],"5":[0,0]},"_coverageSchema":"1a1c01bbd47fc00a2c39e90264f33305004495a9","hash":"cf993e7297aba749e6603a87161ae8c0de677b5a"}
,"C:\\Users\\edais\\Desktop\\CertVerify\\src\\routes\\addAdmin.js": {"path":"C:\\Users\\edais\\Desktop\\CertVerify\\src\\routes\\addAdmin.js","statementMap":{"0":{"start":{"line":1,"column":16},"end":{"line":1,"column":34}},"1":{"start":{"line":2,"column":15},"end":{"line":2,"column":31}},"2":{"start":{"line":3,"column":0},"end":{"line":3,"column":27}},"3":{"start":{"line":4,"column":11},"end":{"line":4,"column":30}},"4":{"start":{"line":5,"column":25},"end":{"line":5,"column":44}},"5":{"start":{"line":7,"column":0},"end":{"line":25,"column":3}},"6":{"start":{"line":8,"column":33},"end":{"line":8,"column":41}},"7":{"start":{"line":9,"column":21},"end":{"line":11,"column":4}},"8":{"start":{"line":10,"column":4},"end":{"line":10,"column":15}},"9":{"start":{"line":12,"column":2},"end":{"line":24,"column":3}},"10":{"start":{"line":13,"column":15},"end":{"line":13,"column":17}},"11":{"start":{"line":14,"column":4},"end":{"line":14,"column":32}},"12":{"start":{"line":15,"column":4},"end":{"line":18,"column":7}},"13":{"start":{"line":16,"column":6},"end":{"line":16,"column":30}},"14":{"start":{"line":17,"column":6},"end":{"line":17,"column":24}},"15":{"start":{"line":19,"column":4},"end":{"line":21,"column":72}},"16":{"start":{"line":23,"column":4},"end":{"line":23,"column":73}},"17":{"start":{"line":27,"column":0},"end":{"line":27,"column":24}}},"fnMap":{"0":{"name":"(anonymous_0)","decl":{"start":{"line":7,"column":25},"end":{"line":7,"column":26}},"loc":{"start":{"line":7,"column":45},"end":{"line":25,"column":1}},"line":7},"1":{"name":"(anonymous_1)","decl":{"start":{"line":9,"column":55},"end":{"line":9,"column":56}},"loc":{"start":{"line":9,"column":64},"end":{"line":11,"column":3}},"line":9},"2":{"name":"(anonymous_2)","decl":{"start":{"line":15,"column":27},"end":{"line":15,"column":28}},"loc":{"start":{"line":15,"column":37},"end":{"line":18,"column":5}},"line":15}},"branchMap":{"0":{"loc":{"start":{"line":12,"column":2},"end":{"line":24,"column":3}},"type":"if","locations":[{"start":{"line":12,"column":2},"end":{"line":24,"column":3}},{"start":{"line":22,"column":9},"end":{"line":24,"column":3}}],"line":12}},"s":{"0":2,"1":2,"2":2,"3":2,"4":2,"5":2,"6":2,"7":2,"8":2,"9":2,"10":2,"11":2,"12":2,"13":2,"14":2,"15":2,"16":0,"17":2},"f":{"0":2,"1":2,"2":2},"b":{"0":[2,0]},"_coverageSchema":"1a1c01bbd47fc00a2c39e90264f33305004495a9","hash":"0ae80b1b6b0da1d749f71709798917b92a9a5051"}
,"C:\\Users\\edais\\Desktop\\CertVerify\\src\\routes\\addStudent.js": {"path":"C:\\Users\\edais\\Desktop\\CertVerify\\src\\routes\\addStudent.js","statementMap":{"0":{"start":{"line":1,"column":16},"end":{"line":1,"column":34}},"1":{"start":{"line":2,"column":15},"end":{"line":2,"column":31}},"2":{"start":{"line":3,"column":11},"end":{"line":3,"column":30}},"3":{"start":{"line":4,"column":22},"end":{"line":4,"column":37}},"4":{"start":{"line":5,"column":24},"end":{"line":5,"column":43}},"5":{"start":{"line":6,"column":14},"end":{"line":6,"column":37}},"6":{"start":{"line":7,"column":19},"end":{"line":7,"column":46}},"7":{"start":{"line":9,"column":0},"end":{"line":40,"column":3}},"8":{"start":{"line":10,"column":18},"end":{"line":10,"column":26}},"9":{"start":{"line":11,"column":13},"end":{"line":11,"column":20}},"10":{"start":{"line":12,"column":21},"end":{"line":12,"column":49}},"11":{"start":{"line":13,"column":16},"end":{"line":18,"column":4}},"12":{"start":{"line":14,"column":4},"end":{"line":17,"column":7}},"13":{"start":{"line":20,"column":2},"end":{"line":39,"column":3}},"14":{"start":{"line":21,"column":4},"end":{"line":21,"column":25}},"15":{"start":{"line":22,"column":4},"end":{"line":34,"column":62}},"16":{"start":{"line":31,"column":8},"end":{"line":31,"column":34}},"17":{"start":{"line":32,"column":8},"end":{"line":32,"column":54}},"18":{"start":{"line":34,"column":24},"end":{"line":34,"column":60}},"19":{"start":{"line":35,"column":4},"end":{"line":35,"column":23}},"20":{"start":{"line":36,"column":4},"end":{"line":38,"column":78}},"21":{"start":{"line":42,"column":0},"end":{"line":42,"column":24}}},"fnMap":{"0":{"name":"(anonymous_0)","decl":{"start":{"line":9,"column":27},"end":{"line":9,"column":28}},"loc":{"start":{"line":9,"column":47},"end":{"line":40,"column":1}},"line":9},"1":{"name":"(anonymous_1)","decl":{"start":{"line":13,"column":55},"end":{"line":13,"column":56}},"loc":{"start":{"line":13,"column":64},"end":{"line":18,"column":3}},"line":13},"2":{"name":"(anonymous_2)","decl":{"start":{"line":30,"column":12},"end":{"line":30,"column":13}},"loc":{"start":{"line":30,"column":24},"end":{"line":33,"column":7}},"line":30},"3":{"name":"(anonymous_3)","decl":{"start":{"line":34,"column":13},"end":{"line":34,"column":14}},"loc":{"start":{"line":34,"column":24},"end":{"line":34,"column":60}},"line":34}},"branchMap":{"0":{"loc":{"start":{"line":20,"column":2},"end":{"line":39,"column":3}},"type":"if","locations":[{"start":{"line":20,"column":2},"end":{"line":39,"column":3}},{"start":{},"end":{}}],"line":20}},"s":{"0":2,"1":2,"2":2,"3":2,"4":2,"5":2,"6":2,"7":2,"8":1,"9":1,"10":1,"11":1,"12":0,"13":1,"14":1,"15":1,"16":0,"17":0,"18":0,"19":1,"20":1,"21":2},"f":{"0":1,"1":0,"2":0,"3":0},"b":{"0":[1,0]},"_coverageSchema":"1a1c01bbd47fc00a2c39e90264f33305004495a9","hash":"34b1e7f097ecf4f513dab419e710bcdbddbea9d0"}
,"C:\\Users\\edais\\Desktop\\CertVerify\\src\\routes\\deleteAdmin.js": {"path":"C:\\Users\\edais\\Desktop\\CertVerify\\src\\routes\\deleteAdmin.js","statementMap":{"0":{"start":{"line":1,"column":16},"end":{"line":1,"column":34}},"1":{"start":{"line":2,"column":15},"end":{"line":2,"column":31}},"2":{"start":{"line":3,"column":11},"end":{"line":3,"column":30}},"3":{"start":{"line":5,"column":0},"end":{"line":10,"column":3}},"4":{"start":{"line":6,"column":23},"end":{"line":6,"column":31}},"5":{"start":{"line":7,"column":2},"end":{"line":9,"column":4}},"6":{"start":{"line":8,"column":4},"end":{"line":8,"column":54}},"7":{"start":{"line":12,"column":0},"end":{"line":12,"column":24}}},"fnMap":{"0":{"name":"(anonymous_0)","decl":{"start":{"line":5,"column":28},"end":{"line":5,"column":29}},"loc":{"start":{"line":5,"column":42},"end":{"line":10,"column":1}},"line":5},"1":{"name":"(anonymous_1)","decl":{"start":{"line":7,"column":32},"end":{"line":7,"column":33}},"loc":{"start":{"line":8,"column":4},"end":{"line":8,"column":54}},"line":8}},"branchMap":{},"s":{"0":2,"1":2,"2":2,"3":2,"4":2,"5":2,"6":2,"7":2},"f":{"0":2,"1":2},"b":{},"_coverageSchema":"1a1c01bbd47fc00a2c39e90264f33305004495a9","hash":"6ada933d4a71b82ae32d09e5735b1b2b68d82beb"}
,"C:\\Users\\edais\\Desktop\\CertVerify\\src\\routes\\deleteStudent.js": {"path":"C:\\Users\\edais\\Desktop\\CertVerify\\src\\routes\\deleteStudent.js","statementMap":{"0":{"start":{"line":1,"column":16},"end":{"line":1,"column":34}},"1":{"start":{"line":2,"column":15},"end":{"line":2,"column":31}},"2":{"start":{"line":3,"column":11},"end":{"line":3,"column":30}},"3":{"start":{"line":5,"column":0},"end":{"line":8,"column":3}},"4":{"start":{"line":6,"column":20},"end":{"line":6,"column":28}},"5":{"start":{"line":7,"column":2},"end":{"line":7,"column":73}},"6":{"start":{"line":7,"column":43},"end":{"line":7,"column":71}},"7":{"start":{"line":10,"column":0},"end":{"line":10,"column":24}}},"fnMap":{"0":{"name":"(anonymous_0)","decl":{"start":{"line":5,"column":30},"end":{"line":5,"column":31}},"loc":{"start":{"line":5,"column":44},"end":{"line":8,"column":1}},"line":5},"1":{"name":"(anonymous_1)","decl":{"start":{"line":7,"column":31},"end":{"line":7,"column":32}},"loc":{"start":{"line":7,"column":43},"end":{"line":7,"column":71}},"line":7}},"branchMap":{},"s":{"0":2,"1":2,"2":2,"3":2,"4":2,"5":2,"6":2,"7":2},"f":{"0":2,"1":2},"b":{},"_coverageSchema":"1a1c01bbd47fc00a2c39e90264f33305004495a9","hash":"b21e9f041e3a82a16a15be326060420a03b78f8a"}
,"C:\\Users\\edais\\Desktop\\CertVerify\\src\\routes\\exportExcel.js": {"path":"C:\\Users\\edais\\Desktop\\CertVerify\\src\\routes\\exportExcel.js","statementMap":{"0":{"start":{"line":1,"column":16},"end":{"line":1,"column":34}},"1":{"start":{"line":2,"column":15},"end":{"line":2,"column":31}},"2":{"start":{"line":3,"column":26},"end":{"line":3,"column":59}},"3":{"start":{"line":5,"column":0},"end":{"line":8,"column":3}},"4":{"start":{"line":6,"column":17},"end":{"line":6,"column":38}},"5":{"start":{"line":7,"column":2},"end":{"line":7,"column":37}},"6":{"start":{"line":10,"column":0},"end":{"line":10,"column":24}}},"fnMap":{"0":{"name":"(anonymous_0)","decl":{"start":{"line":5,"column":28},"end":{"line":5,"column":29}},"loc":{"start":{"line":5,"column":48},"end":{"line":8,"column":1}},"line":5}},"branchMap":{},"s":{"0":2,"1":2,"2":2,"3":2,"4":0,"5":0,"6":2},"f":{"0":0},"b":{},"_coverageSchema":"1a1c01bbd47fc00a2c39e90264f33305004495a9","hash":"ea854ca664cc361ecdb4e3d229219e86e880d592"}
,"C:\\Users\\edais\\Desktop\\CertVerify\\src\\routes\\findAdmin.js": {"path":"C:\\Users\\edais\\Desktop\\CertVerify\\src\\routes\\findAdmin.js","statementMap":{"0":{"start":{"line":1,"column":16},"end":{"line":1,"column":34}},"1":{"start":{"line":2,"column":15},"end":{"line":2,"column":31}},"2":{"start":{"line":3,"column":0},"end":{"line":3,"column":27}},"3":{"start":{"line":5,"column":11},"end":{"line":5,"column":30}},"4":{"start":{"line":6,"column":28},"end":{"line":6,"column":47}},"5":{"start":{"line":8,"column":0},"end":{"line":22,"column":3}},"6":{"start":{"line":9,"column":33},"end":{"line":9,"column":41}},"7":{"start":{"line":10,"column":2},"end":{"line":10,"column":34}},"8":{"start":{"line":11,"column":15},"end":{"line":11,"column":43}},"9":{"start":{"line":12,"column":2},"end":{"line":12,"column":20}},"10":{"start":{"line":13,"column":2},"end":{"line":21,"column":3}},"11":{"start":{"line":14,"column":4},"end":{"line":18,"column":5}},"12":{"start":{"line":15,"column":6},"end":{"line":15,"column":33}},"13":{"start":{"line":17,"column":6},"end":{"line":17,"column":62}},"14":{"start":{"line":20,"column":4},"end":{"line":20,"column":76}},"15":{"start":{"line":24,"column":0},"end":{"line":24,"column":24}}},"fnMap":{"0":{"name":"(anonymous_0)","decl":{"start":{"line":8,"column":26},"end":{"line":8,"column":27}},"loc":{"start":{"line":8,"column":46},"end":{"line":22,"column":1}},"line":8}},"branchMap":{"0":{"loc":{"start":{"line":13,"column":2},"end":{"line":21,"column":3}},"type":"if","locations":[{"start":{"line":13,"column":2},"end":{"line":21,"column":3}},{"start":{"line":19,"column":9},"end":{"line":21,"column":3}}],"line":13},"1":{"loc":{"start":{"line":14,"column":4},"end":{"line":18,"column":5}},"type":"if","locations":[{"start":{"line":14,"column":4},"end":{"line":18,"column":5}},{"start":{"line":16,"column":11},"end":{"line":18,"column":5}}],"line":14}},"s":{"0":2,"1":2,"2":2,"3":2,"4":2,"5":2,"6":1,"7":1,"8":1,"9":1,"10":1,"11":0,"12":0,"13":0,"14":1,"15":2},"f":{"0":1},"b":{"0":[0,1],"1":[0,0]},"_coverageSchema":"1a1c01bbd47fc00a2c39e90264f33305004495a9","hash":"694ba7aae81f1b0ae35cd18d2442f14d81563b90"}
,"C:\\Users\\edais\\Desktop\\CertVerify\\src\\routes\\findAllStudents.js": {"path":"C:\\Users\\edais\\Desktop\\CertVerify\\src\\routes\\findAllStudents.js","statementMap":{"0":{"start":{"line":1,"column":16},"end":{"line":1,"column":34}},"1":{"start":{"line":2,"column":15},"end":{"line":2,"column":31}},"2":{"start":{"line":3,"column":11},"end":{"line":3,"column":30}},"3":{"start":{"line":5,"column":0},"end":{"line":9,"column":3}},"4":{"start":{"line":6,"column":2},"end":{"line":8,"column":47}},"5":{"start":{"line":7,"column":22},"end":{"line":7,"column":50}},"6":{"start":{"line":8,"column":20},"end":{"line":8,"column":45}},"7":{"start":{"line":11,"column":0},"end":{"line":11,"column":24}}},"fnMap":{"0":{"name":"(anonymous_0)","decl":{"start":{"line":5,"column":32},"end":{"line":5,"column":33}},"loc":{"start":{"line":5,"column":46},"end":{"line":9,"column":1}},"line":5},"1":{"name":"(anonymous_1)","decl":{"start":{"line":7,"column":10},"end":{"line":7,"column":11}},"loc":{"start":{"line":7,"column":22},"end":{"line":7,"column":50}},"line":7},"2":{"name":"(anonymous_2)","decl":{"start":{"line":8,"column":11},"end":{"line":8,"column":12}},"loc":{"start":{"line":8,"column":20},"end":{"line":8,"column":45}},"line":8}},"branchMap":{},"s":{"0":2,"1":2,"2":2,"3":2,"4":1,"5":1,"6":0,"7":2},"f":{"0":1,"1":1,"2":0},"b":{},"_coverageSchema":"1a1c01bbd47fc00a2c39e90264f33305004495a9","hash":"8854f76dfa954cc5ba5cd643b7fbab1042edfc1a"}
,"C:\\Users\\edais\\Desktop\\CertVerify\\src\\routes\\findStudent.js": {"path":"C:\\Users\\edais\\Desktop\\CertVerify\\src\\routes\\findStudent.js","statementMap":{"0":{"start":{"line":1,"column":16},"end":{"line":1,"column":34}},"1":{"start":{"line":2,"column":15},"end":{"line":2,"column":31}},"2":{"start":{"line":3,"column":11},"end":{"line":3,"column":30}},"3":{"start":{"line":5,"column":0},"end":{"line":14,"column":3}},"4":{"start":{"line":6,"column":16},"end":{"line":6,"column":30}},"5":{"start":{"line":7,"column":2},"end":{"line":13,"column":5}},"6":{"start":{"line":8,"column":4},"end":{"line":12,"column":5}},"7":{"start":{"line":9,"column":6},"end":{"line":9,"column":61}},"8":{"start":{"line":11,"column":6},"end":{"line":11,"column":35}},"9":{"start":{"line":16,"column":0},"end":{"line":16,"column":24}}},"fnMap":{"0":{"name":"(anonymous_0)","decl":{"start":{"line":5,"column":28},"end":{"line":5,"column":29}},"loc":{"start":{"line":5,"column":48},"end":{"line":14,"column":1}},"line":5},"1":{"name":"(anonymous_1)","decl":{"start":{"line":7,"column":35},"end":{"line":7,"column":36}},"loc":{"start":{"line":7,"column":47},"end":{"line":13,"column":3}},"line":7}},"branchMap":{"0":{"loc":{"start":{"line":8,"column":4},"end":{"line":12,"column":5}},"type":"if","locations":[{"start":{"line":8,"column":4},"end":{"line":12,"column":5}},{"start":{"line":10,"column":11},"end":{"line":12,"column":5}}],"line":8}},"s":{"0":2,"1":2,"2":2,"3":2,"4":2,"5":2,"6":2,"7":1,"8":1,"9":2},"f":{"0":2,"1":2},"b":{"0":[1,1]},"_coverageSchema":"1a1c01bbd47fc00a2c39e90264f33305004495a9","hash":"0ef7aadaa2af15d8d7cf927befaa7392c28fecb6"}
,"C:\\Users\\edais\\Desktop\\CertVerify\\src\\routes\\index.js": {"path":"C:\\Users\\edais\\Desktop\\CertVerify\\src\\routes\\index.js","statementMap":{"0":{"start":{"line":1,"column":16},"end":{"line":1,"column":34}},"1":{"start":{"line":2,"column":19},"end":{"line":2,"column":35}},"2":{"start":{"line":5,"column":17},"end":{"line":5,"column":38}},"3":{"start":{"line":6,"column":18},"end":{"line":6,"column":40}},"4":{"start":{"line":7,"column":20},"end":{"line":7,"column":44}},"5":{"start":{"line":9,"column":19},"end":{"line":9,"column":42}},"6":{"start":{"line":10,"column":20},"end":{"line":10,"column":44}},"7":{"start":{"line":11,"column":24},"end":{"line":11,"column":52}},"8":{"start":{"line":12,"column":22},"end":{"line":12,"column":48}},"9":{"start":{"line":14,"column":20},"end":{"line":14,"column":44}},"10":{"start":{"line":17,"column":0},"end":{"line":17,"column":25}},"11":{"start":{"line":18,"column":0},"end":{"line":18,"column":26}},"12":{"start":{"line":19,"column":0},"end":{"line":19,"column":28}},"13":{"start":{"line":21,"column":0},"end":{"line":21,"column":27}},"14":{"start":{"line":22,"column":0},"end":{"line":22,"column":28}},"15":{"start":{"line":23,"column":0},"end":{"line":23,"column":32}},"16":{"start":{"line":24,"column":0},"end":{"line":24,"column":30}},"17":{"start":{"line":26,"column":0},"end":{"line":26,"column":28}},"18":{"start":{"line":28,"column":0},"end":{"line":28,"column":28}}},"fnMap":{},"branchMap":{},"s":{"0":2,"1":2,"2":2,"3":2,"4":2,"5":2,"6":2,"7":2,"8":2,"9":2,"10":2,"11":2,"12":2,"13":2,"14":2,"15":2,"16":2,"17":2,"18":2},"f":{},"b":{},"_coverageSchema":"1a1c01bbd47fc00a2c39e90264f33305004495a9","hash":"8a31f02c3435386c4a7165ddff64ae6e7cae79a7"}
}
