{"C:\\Users\\edais\\Desktop\\CertVerify\\src\\app.js": {"path":"C:\\Users\\edais\\Desktop\\CertVerify\\src\\app.js","statementMap":{"0":{"start":{"line":1,"column":11},"end":{"line":1,"column":24}},"1":{"start":{"line":2,"column":13},"end":{"line":2,"column":28}},"2":{"start":{"line":3,"column":16},"end":{"line":3,"column":34}},"3":{"start":{"line":4,"column":12},"end":{"line":4,"column":21}},"4":{"start":{"line":5,"column":0},"end":{"line":5,"column":27}},"5":{"start":{"line":6,"column":13},"end":{"line":6,"column":49}},"6":{"start":{"line":7,"column":22},"end":{"line":7,"column":37}},"7":{"start":{"line":9,"column":15},"end":{"line":9,"column":32}},"8":{"start":{"line":10,"column":15},"end":{"line":10,"column":23}},"9":{"start":{"line":12,"column":19},"end":{"line":12,"column":50}},"10":{"start":{"line":13,"column":0},"end":{"line":13,"column":36}},"11":{"start":{"line":14,"column":0},"end":{"line":14,"column":24}},"12":{"start":{"line":21,"column":4},"end":{"line":21,"column":22}},"13":{"start":{"line":22,"column":11},"end":{"line":22,"column":29}},"14":{"start":{"line":24,"column":37},"end":{"line":24,"column":69}},"15":{"start":{"line":25,"column":14},"end":{"line":25,"column":36}},"16":{"start":{"line":26,"column":19},"end":{"line":26,"column":45}},"17":{"start":{"line":28,"column":0},"end":{"line":31,"column":3}},"18":{"start":{"line":29,"column":2},"end":{"line":29,"column":71}},"19":{"start":{"line":34,"column":0},"end":{"line":40,"column":3}},"20":{"start":{"line":35,"column":17},"end":{"line":35,"column":27}},"21":{"start":{"line":36,"column":17},"end":{"line":36,"column":69}},"22":{"start":{"line":37,"column":15},"end":{"line":37,"column":44}},"23":{"start":{"line":38,"column":2},"end":{"line":38,"column":51}},"24":{"start":{"line":39,"column":2},"end":{"line":39,"column":24}},"25":{"start":{"line":42,"column":0},"end":{"line":58,"column":3}},"26":{"start":{"line":43,"column":33},"end":{"line":43,"column":41}},"27":{"start":{"line":44,"column":21},"end":{"line":46,"column":4}},"28":{"start":{"line":45,"column":4},"end":{"line":45,"column":15}},"29":{"start":{"line":47,"column":2},"end":{"line":57,"column":3}},"30":{"start":{"line":48,"column":15},"end":{"line":48,"column":17}},"31":{"start":{"line":49,"column":4},"end":{"line":49,"column":32}},"32":{"start":{"line":50,"column":4},"end":{"line":53,"column":7}},"33":{"start":{"line":51,"column":6},"end":{"line":51,"column":30}},"34":{"start":{"line":52,"column":6},"end":{"line":52,"column":23}},"35":{"start":{"line":54,"column":4},"end":{"line":54,"column":72}},"36":{"start":{"line":56,"column":4},"end":{"line":56,"column":73}},"37":{"start":{"line":60,"column":0},"end":{"line":72,"column":3}},"38":{"start":{"line":61,"column":33},"end":{"line":61,"column":41}},"39":{"start":{"line":62,"column":15},"end":{"line":62,"column":42}},"40":{"start":{"line":63,"column":2},"end":{"line":71,"column":3}},"41":{"start":{"line":64,"column":4},"end":{"line":68,"column":5}},"42":{"start":{"line":65,"column":6},"end":{"line":65,"column":33}},"43":{"start":{"line":67,"column":6},"end":{"line":67,"column":62}},"44":{"start":{"line":70,"column":4},"end":{"line":70,"column":76}},"45":{"start":{"line":74,"column":0},"end":{"line":104,"column":3}},"46":{"start":{"line":75,"column":18},"end":{"line":75,"column":26}},"47":{"start":{"line":76,"column":13},"end":{"line":76,"column":20}},"48":{"start":{"line":77,"column":21},"end":{"line":77,"column":32}},"49":{"start":{"line":78,"column":16},"end":{"line":83,"column":4}},"50":{"start":{"line":79,"column":4},"end":{"line":82,"column":7}},"51":{"start":{"line":84,"column":2},"end":{"line":84,"column":23}},"52":{"start":{"line":86,"column":2},"end":{"line":103,"column":3}},"53":{"start":{"line":87,"column":4},"end":{"line":87,"column":25}},"54":{"start":{"line":88,"column":4},"end":{"line":100,"column":62}},"55":{"start":{"line":97,"column":8},"end":{"line":97,"column":34}},"56":{"start":{"line":98,"column":8},"end":{"line":98,"column":54}},"57":{"start":{"line":100,"column":24},"end":{"line":100,"column":60}},"58":{"start":{"line":101,"column":4},"end":{"line":101,"column":23}},"59":{"start":{"line":102,"column":4},"end":{"line":102,"column":41}},"60":{"start":{"line":106,"column":0},"end":{"line":115,"column":3}},"61":{"start":{"line":107,"column":16},"end":{"line":107,"column":30}},"62":{"start":{"line":108,"column":2},"end":{"line":114,"column":5}},"63":{"start":{"line":109,"column":4},"end":{"line":113,"column":5}},"64":{"start":{"line":110,"column":6},"end":{"line":110,"column":61}},"65":{"start":{"line":112,"column":6},"end":{"line":112,"column":35}},"66":{"start":{"line":117,"column":0},"end":{"line":121,"column":3}},"67":{"start":{"line":118,"column":2},"end":{"line":120,"column":47}},"68":{"start":{"line":119,"column":22},"end":{"line":119,"column":50}},"69":{"start":{"line":120,"column":20},"end":{"line":120,"column":45}},"70":{"start":{"line":123,"column":0},"end":{"line":126,"column":3}},"71":{"start":{"line":124,"column":20},"end":{"line":124,"column":28}},"72":{"start":{"line":125,"column":2},"end":{"line":125,"column":73}},"73":{"start":{"line":125,"column":43},"end":{"line":125,"column":71}},"74":{"start":{"line":128,"column":0},"end":{"line":131,"column":3}},"75":{"start":{"line":129,"column":16},"end":{"line":129,"column":34}},"76":{"start":{"line":130,"column":2},"end":{"line":130,"column":30}},"77":{"start":{"line":133,"column":0},"end":{"line":136,"column":3}},"78":{"start":{"line":134,"column":17},"end":{"line":134,"column":38}},"79":{"start":{"line":135,"column":2},"end":{"line":135,"column":37}},"80":{"start":{"line":138,"column":0},"end":{"line":147,"column":3}},"81":{"start":{"line":139,"column":25},"end":{"line":139,"column":40}},"82":{"start":{"line":140,"column":2},"end":{"line":146,"column":3}},"83":{"start":{"line":141,"column":4},"end":{"line":141,"column":32}},"84":{"start":{"line":142,"column":4},"end":{"line":142,"column":31}},"85":{"start":{"line":144,"column":4},"end":{"line":144,"column":24}},"86":{"start":{"line":145,"column":4},"end":{"line":145,"column":23}},"87":{"start":{"line":149,"column":0},"end":{"line":151,"column":3}},"88":{"start":{"line":150,"column":2},"end":{"line":150,"column":15}},"89":{"start":{"line":153,"column":0},"end":{"line":158,"column":3}},"90":{"start":{"line":154,"column":2},"end":{"line":154,"column":42}},"91":{"start":{"line":155,"column":2},"end":{"line":157,"column":5}},"92":{"start":{"line":156,"column":4},"end":{"line":156,"column":50}},"93":{"start":{"line":160,"column":0},"end":{"line":162,"column":2}}},"fnMap":{"0":{"name":"(anonymous_0)","decl":{"start":{"line":28,"column":17},"end":{"line":28,"column":18}},"loc":{"start":{"line":28,"column":31},"end":{"line":31,"column":1}},"line":28},"1":{"name":"(anonymous_1)","decl":{"start":{"line":34,"column":19},"end":{"line":34,"column":20}},"loc":{"start":{"line":34,"column":39},"end":{"line":40,"column":1}},"line":34},"2":{"name":"(anonymous_2)","decl":{"start":{"line":42,"column":21},"end":{"line":42,"column":22}},"loc":{"start":{"line":42,"column":41},"end":{"line":58,"column":1}},"line":42},"3":{"name":"(anonymous_3)","decl":{"start":{"line":44,"column":54},"end":{"line":44,"column":55}},"loc":{"start":{"line":44,"column":63},"end":{"line":46,"column":3}},"line":44},"4":{"name":"(anonymous_4)","decl":{"start":{"line":50,"column":27},"end":{"line":50,"column":28}},"loc":{"start":{"line":50,"column":37},"end":{"line":53,"column":5}},"line":50},"5":{"name":"(anonymous_5)","decl":{"start":{"line":60,"column":22},"end":{"line":60,"column":23}},"loc":{"start":{"line":60,"column":42},"end":{"line":72,"column":1}},"line":60},"6":{"name":"(anonymous_6)","decl":{"start":{"line":74,"column":24},"end":{"line":74,"column":25}},"loc":{"start":{"line":74,"column":44},"end":{"line":104,"column":1}},"line":74},"7":{"name":"(anonymous_7)","decl":{"start":{"line":78,"column":55},"end":{"line":78,"column":56}},"loc":{"start":{"line":78,"column":64},"end":{"line":83,"column":3}},"line":78},"8":{"name":"(anonymous_8)","decl":{"start":{"line":96,"column":12},"end":{"line":96,"column":13}},"loc":{"start":{"line":96,"column":24},"end":{"line":99,"column":7}},"line":96},"9":{"name":"(anonymous_9)","decl":{"start":{"line":100,"column":13},"end":{"line":100,"column":14}},"loc":{"start":{"line":100,"column":24},"end":{"line":100,"column":60}},"line":100},"10":{"name":"(anonymous_10)","decl":{"start":{"line":106,"column":25},"end":{"line":106,"column":26}},"loc":{"start":{"line":106,"column":45},"end":{"line":115,"column":1}},"line":106},"11":{"name":"(anonymous_11)","decl":{"start":{"line":108,"column":35},"end":{"line":108,"column":36}},"loc":{"start":{"line":108,"column":47},"end":{"line":114,"column":3}},"line":108},"12":{"name":"(anonymous_12)","decl":{"start":{"line":117,"column":29},"end":{"line":117,"column":30}},"loc":{"start":{"line":117,"column":43},"end":{"line":121,"column":1}},"line":117},"13":{"name":"(anonymous_13)","decl":{"start":{"line":119,"column":10},"end":{"line":119,"column":11}},"loc":{"start":{"line":119,"column":22},"end":{"line":119,"column":50}},"line":119},"14":{"name":"(anonymous_14)","decl":{"start":{"line":120,"column":11},"end":{"line":120,"column":12}},"loc":{"start":{"line":120,"column":20},"end":{"line":120,"column":45}},"line":120},"15":{"name":"(anonymous_15)","decl":{"start":{"line":123,"column":27},"end":{"line":123,"column":28}},"loc":{"start":{"line":123,"column":41},"end":{"line":126,"column":1}},"line":123},"16":{"name":"(anonymous_16)","decl":{"start":{"line":125,"column":31},"end":{"line":125,"column":32}},"loc":{"start":{"line":125,"column":43},"end":{"line":125,"column":71}},"line":125},"17":{"name":"(anonymous_17)","decl":{"start":{"line":128,"column":24},"end":{"line":128,"column":25}},"loc":{"start":{"line":128,"column":44},"end":{"line":131,"column":1}},"line":128},"18":{"name":"(anonymous_18)","decl":{"start":{"line":133,"column":25},"end":{"line":133,"column":26}},"loc":{"start":{"line":133,"column":45},"end":{"line":136,"column":1}},"line":133},"19":{"name":"(anonymous_19)","decl":{"start":{"line":138,"column":56},"end":{"line":138,"column":57}},"loc":{"start":{"line":138,"column":76},"end":{"line":147,"column":1}},"line":138},"20":{"name":"(anonymous_20)","decl":{"start":{"line":149,"column":21},"end":{"line":149,"column":22}},"loc":{"start":{"line":149,"column":27},"end":{"line":151,"column":1}},"line":149},"21":{"name":"(anonymous_21)","decl":{"start":{"line":153,"column":15},"end":{"line":153,"column":16}},"loc":{"start":{"line":153,"column":21},"end":{"line":158,"column":1}},"line":153},"22":{"name":"(anonymous_22)","decl":{"start":{"line":155,"column":19},"end":{"line":155,"column":20}},"loc":{"start":{"line":155,"column":25},"end":{"line":157,"column":3}},"line":155}},"branchMap":{"0":{"loc":{"start":{"line":6,"column":13},"end":{"line":6,"column":49}},"type":"binary-expr","locations":[{"start":{"line":6,"column":13},"end":{"line":6,"column":29}},{"start":{"line":6,"column":33},"end":{"line":6,"column":49}}],"line":6},"1":{"loc":{"start":{"line":47,"column":2},"end":{"line":57,"column":3}},"type":"if","locations":[{"start":{"line":47,"column":2},"end":{"line":57,"column":3}},{"start":{"line":55,"column":9},"end":{"line":57,"column":3}}],"line":47},"2":{"loc":{"start":{"line":63,"column":2},"end":{"line":71,"column":3}},"type":"if","locations":[{"start":{"line":63,"column":2},"end":{"line":71,"column":3}},{"start":{"line":69,"column":9},"end":{"line":71,"column":3}}],"line":63},"3":{"loc":{"start":{"line":64,"column":4},"end":{"line":68,"column":5}},"type":"if","locations":[{"start":{"line":64,"column":4},"end":{"line":68,"column":5}},{"start":{"line":66,"column":11},"end":{"line":68,"column":5}}],"line":64},"4":{"loc":{"start":{"line":86,"column":2},"end":{"line":103,"column":3}},"type":"if","locations":[{"start":{"line":86,"column":2},"end":{"line":103,"column":3}},{"start":{},"end":{}}],"line":86},"5":{"loc":{"start":{"line":109,"column":4},"end":{"line":113,"column":5}},"type":"if","locations":[{"start":{"line":109,"column":4},"end":{"line":113,"column":5}},{"start":{"line":111,"column":11},"end":{"line":113,"column":5}}],"line":109}},"s":{"0":1,"1":1,"2":1,"3":1,"4":1,"5":1,"6":1,"7":1,"8":1,"9":1,"10":1,"11":1,"12":1,"13":1,"14":1,"15":1,"16":1,"17":1,"18":1,"19":1,"20":0,"21":0,"22":0,"23":0,"24":0,"25":1,"26":0,"27":0,"28":0,"29":0,"30":0,"31":0,"32":0,"33":0,"34":0,"35":0,"36":0,"37":1,"38":0,"39":0,"40":0,"41":0,"42":0,"43":0,"44":0,"45":1,"46":0,"47":0,"48":0,"49":0,"50":0,"51":0,"52":0,"53":0,"54":0,"55":0,"56":0,"57":0,"58":0,"59":0,"60":1,"61":2,"62":2,"63":2,"64":1,"65":1,"66":1,"67":1,"68":1,"69":0,"70":1,"71":1,"72":1,"73":1,"74":1,"75":0,"76":0,"77":1,"78":0,"79":0,"80":1,"81":0,"82":0,"83":0,"84":0,"85":0,"86":0,"87":1,"88":0,"89":1,"90":1,"91":1,"92":0,"93":1},"f":{"0":1,"1":0,"2":0,"3":0,"4":0,"5":0,"6":0,"7":0,"8":0,"9":0,"10":2,"11":2,"12":1,"13":1,"14":0,"15":1,"16":1,"17":0,"18":0,"19":0,"20":0,"21":1,"22":0},"b":{"0":[1,0],"1":[0,0],"2":[0,0],"3":[0,0],"4":[0,0],"5":[1,1]},"_coverageSchema":"1a1c01bbd47fc00a2c39e90264f33305004495a9","hash":"11b4538774c188c6bfa64bc8608fc722d7b8ad12"}
,"C:\\Users\\edais\\Desktop\\CertVerify\\src\\utils.js": {"path":"C:\\Users\\edais\\Desktop\\CertVerify\\src\\utils.js","statementMap":{"0":{"start":{"line":1,"column":11},"end":{"line":1,"column":24}},"1":{"start":{"line":2,"column":13},"end":{"line":2,"column":28}},"2":{"start":{"line":3,"column":39},"end":{"line":3,"column":57}},"3":{"start":{"line":4,"column":15},"end":{"line":4,"column":32}},"4":{"start":{"line":5,"column":21},"end":{"line":5,"column":37}},"5":{"start":{"line":6,"column":11},"end":{"line":6,"column":29}},"6":{"start":{"line":7,"column":19},"end":{"line":7,"column":45}},"7":{"start":{"line":9,"column":15},"end":{"line":9,"column":32}},"8":{"start":{"line":10,"column":19},"end":{"line":10,"column":21}},"9":{"start":{"line":12,"column":26},"end":{"line":17,"column":1}},"10":{"start":{"line":13,"column":22},"end":{"line":15,"column":3}},"11":{"start":{"line":16,"column":2},"end":{"line":16,"column":21}},"12":{"start":{"line":19,"column":25},"end":{"line":19,"column":50}},"13":{"start":{"line":20,"column":26},"end":{"line":20,"column":52}},"14":{"start":{"line":22,"column":18},"end":{"line":25,"column":1}},"15":{"start":{"line":28,"column":11},"end":{"line":37,"column":1}},"16":{"start":{"line":39,"column":23},"end":{"line":42,"column":1}},"17":{"start":{"line":40,"column":17},"end":{"line":40,"column":51}},"18":{"start":{"line":41,"column":2},"end":{"line":41,"column":16}},"19":{"start":{"line":44,"column":22},"end":{"line":50,"column":1}},"20":{"start":{"line":45,"column":2},"end":{"line":45,"column":76}},"21":{"start":{"line":46,"column":20},"end":{"line":48,"column":4}},"22":{"start":{"line":49,"column":2},"end":{"line":49,"column":59}},"23":{"start":{"line":52,"column":20},"end":{"line":108,"column":1}},"24":{"start":{"line":54,"column":4},"end":{"line":54,"column":11}},"25":{"start":{"line":55,"column":24},"end":{"line":55,"column":51}},"26":{"start":{"line":56,"column":13},"end":{"line":56,"column":35}},"27":{"start":{"line":57,"column":19},"end":{"line":57,"column":60}},"28":{"start":{"line":59,"column":2},"end":{"line":59,"column":34}},"29":{"start":{"line":61,"column":18},"end":{"line":61,"column":65}},"30":{"start":{"line":63,"column":15},"end":{"line":63,"column":33}},"31":{"start":{"line":64,"column":15},"end":{"line":64,"column":36}},"32":{"start":{"line":65,"column":21},"end":{"line":65,"column":48}},"33":{"start":{"line":66,"column":17},"end":{"line":66,"column":40}},"34":{"start":{"line":67,"column":17},"end":{"line":67,"column":40}},"35":{"start":{"line":68,"column":21},"end":{"line":68,"column":48}},"36":{"start":{"line":70,"column":26},"end":{"line":70,"column":58}},"37":{"start":{"line":72,"column":20},"end":{"line":72,"column":78}},"38":{"start":{"line":73,"column":18},"end":{"line":73,"column":52}},"39":{"start":{"line":74,"column":2},"end":{"line":74,"column":27}},"40":{"start":{"line":76,"column":19},"end":{"line":76,"column":75}},"41":{"start":{"line":77,"column":2},"end":{"line":77,"column":25}},"42":{"start":{"line":78,"column":2},"end":{"line":78,"column":23}},"43":{"start":{"line":79,"column":21},"end":{"line":79,"column":72}},"44":{"start":{"line":80,"column":2},"end":{"line":80,"column":73}},"45":{"start":{"line":82,"column":2},"end":{"line":82,"column":49}},"46":{"start":{"line":83,"column":2},"end":{"line":83,"column":32}},"47":{"start":{"line":85,"column":2},"end":{"line":88,"column":5}},"48":{"start":{"line":86,"column":4},"end":{"line":86,"column":41}},"49":{"start":{"line":87,"column":4},"end":{"line":87,"column":23}},"50":{"start":{"line":90,"column":2},"end":{"line":90,"column":17}},"51":{"start":{"line":91,"column":19},"end":{"line":93,"column":4}},"52":{"start":{"line":94,"column":2},"end":{"line":103,"column":4}},"53":{"start":{"line":98,"column":6},"end":{"line":100,"column":7}},"54":{"start":{"line":99,"column":8},"end":{"line":99,"column":44}},"55":{"start":{"line":101,"column":6},"end":{"line":101,"column":53}},"56":{"start":{"line":104,"column":2},"end":{"line":107,"column":5}},"57":{"start":{"line":105,"column":4},"end":{"line":105,"column":23}},"58":{"start":{"line":105,"column":13},"end":{"line":105,"column":23}},"59":{"start":{"line":106,"column":4},"end":{"line":106,"column":44}},"60":{"start":{"line":110,"column":19},"end":{"line":136,"column":1}},"61":{"start":{"line":111,"column":22},"end":{"line":111,"column":48}},"62":{"start":{"line":112,"column":21},"end":{"line":112,"column":22}},"63":{"start":{"line":113,"column":22},"end":{"line":113,"column":23}},"64":{"start":{"line":114,"column":21},"end":{"line":114,"column":22}},"65":{"start":{"line":115,"column":19},"end":{"line":115,"column":20}},"66":{"start":{"line":116,"column":22},"end":{"line":116,"column":23}},"67":{"start":{"line":117,"column":2},"end":{"line":127,"column":5}},"68":{"start":{"line":118,"column":4},"end":{"line":126,"column":5}},"69":{"start":{"line":119,"column":6},"end":{"line":119,"column":21}},"70":{"start":{"line":120,"column":11},"end":{"line":126,"column":5}},"71":{"start":{"line":121,"column":6},"end":{"line":121,"column":22}},"72":{"start":{"line":122,"column":11},"end":{"line":126,"column":5}},"73":{"start":{"line":123,"column":6},"end":{"line":123,"column":19}},"74":{"start":{"line":125,"column":6},"end":{"line":125,"column":21}},"75":{"start":{"line":128,"column":2},"end":{"line":128,"column":75}},"76":{"start":{"line":129,"column":2},"end":{"line":135,"column":4}},"77":{"start":{"line":139,"column":21},"end":{"line":146,"column":1}},"78":{"start":{"line":140,"column":2},"end":{"line":145,"column":5}},"79":{"start":{"line":141,"column":4},"end":{"line":144,"column":7}},"80":{"start":{"line":142,"column":23},"end":{"line":142,"column":27}},"81":{"start":{"line":143,"column":6},"end":{"line":143,"column":21}},"82":{"start":{"line":148,"column":24},"end":{"line":157,"column":1}},"83":{"start":{"line":149,"column":2},"end":{"line":156,"column":5}},"84":{"start":{"line":150,"column":4},"end":{"line":155,"column":7}},"85":{"start":{"line":151,"column":6},"end":{"line":153,"column":7}},"86":{"start":{"line":152,"column":8},"end":{"line":152,"column":27}},"87":{"start":{"line":154,"column":6},"end":{"line":154,"column":22}},"88":{"start":{"line":159,"column":0},"end":{"line":159,"column":76}}},"fnMap":{"0":{"name":"(anonymous_0)","decl":{"start":{"line":12,"column":26},"end":{"line":12,"column":27}},"loc":{"start":{"line":12,"column":38},"end":{"line":17,"column":1}},"line":12},"1":{"name":"(anonymous_1)","decl":{"start":{"line":39,"column":23},"end":{"line":39,"column":24}},"loc":{"start":{"line":39,"column":39},"end":{"line":42,"column":1}},"line":39},"2":{"name":"(anonymous_2)","decl":{"start":{"line":44,"column":22},"end":{"line":44,"column":23}},"loc":{"start":{"line":44,"column":43},"end":{"line":50,"column":1}},"line":44},"3":{"name":"(anonymous_3)","decl":{"start":{"line":52,"column":20},"end":{"line":52,"column":21}},"loc":{"start":{"line":52,"column":39},"end":{"line":108,"column":1}},"line":52},"4":{"name":"(anonymous_4)","decl":{"start":{"line":85,"column":26},"end":{"line":85,"column":27}},"loc":{"start":{"line":85,"column":34},"end":{"line":88,"column":3}},"line":85},"5":{"name":"(anonymous_5)","decl":{"start":{"line":97,"column":4},"end":{"line":97,"column":5}},"loc":{"start":{"line":97,"column":13},"end":{"line":102,"column":5}},"line":97},"6":{"name":"(anonymous_6)","decl":{"start":{"line":104,"column":67},"end":{"line":104,"column":68}},"loc":{"start":{"line":104,"column":76},"end":{"line":107,"column":3}},"line":104},"7":{"name":"(anonymous_7)","decl":{"start":{"line":110,"column":19},"end":{"line":110,"column":20}},"loc":{"start":{"line":110,"column":31},"end":{"line":136,"column":1}},"line":110},"8":{"name":"(anonymous_8)","decl":{"start":{"line":117,"column":33},"end":{"line":117,"column":34}},"loc":{"start":{"line":117,"column":41},"end":{"line":127,"column":3}},"line":117},"9":{"name":"(anonymous_9)","decl":{"start":{"line":139,"column":21},"end":{"line":139,"column":22}},"loc":{"start":{"line":139,"column":39},"end":{"line":146,"column":1}},"line":139},"10":{"name":"(anonymous_10)","decl":{"start":{"line":140,"column":29},"end":{"line":140,"column":30}},"loc":{"start":{"line":140,"column":44},"end":{"line":145,"column":3}},"line":140},"11":{"name":"(anonymous_11)","decl":{"start":{"line":141,"column":39},"end":{"line":141,"column":40}},"loc":{"start":{"line":141,"column":54},"end":{"line":144,"column":5}},"line":141},"12":{"name":"(anonymous_12)","decl":{"start":{"line":148,"column":24},"end":{"line":148,"column":25}},"loc":{"start":{"line":148,"column":44},"end":{"line":157,"column":1}},"line":148},"13":{"name":"(anonymous_13)","decl":{"start":{"line":149,"column":21},"end":{"line":149,"column":22}},"loc":{"start":{"line":149,"column":42},"end":{"line":156,"column":3}},"line":149},"14":{"name":"(anonymous_14)","decl":{"start":{"line":150,"column":35},"end":{"line":150,"column":36}},"loc":{"start":{"line":150,"column":52},"end":{"line":155,"column":5}},"line":150}},"branchMap":{"0":{"loc":{"start":{"line":98,"column":6},"end":{"line":100,"column":7}},"type":"if","locations":[{"start":{"line":98,"column":6},"end":{"line":100,"column":7}},{"start":{},"end":{}}],"line":98},"1":{"loc":{"start":{"line":105,"column":4},"end":{"line":105,"column":23}},"type":"if","locations":[{"start":{"line":105,"column":4},"end":{"line":105,"column":23}},{"start":{},"end":{}}],"line":105},"2":{"loc":{"start":{"line":118,"column":4},"end":{"line":126,"column":5}},"type":"if","locations":[{"start":{"line":118,"column":4},"end":{"line":126,"column":5}},{"start":{"line":120,"column":11},"end":{"line":126,"column":5}}],"line":118},"3":{"loc":{"start":{"line":120,"column":11},"end":{"line":126,"column":5}},"type":"if","locations":[{"start":{"line":120,"column":11},"end":{"line":126,"column":5}},{"start":{"line":122,"column":11},"end":{"line":126,"column":5}}],"line":120},"4":{"loc":{"start":{"line":122,"column":11},"end":{"line":126,"column":5}},"type":"if","locations":[{"start":{"line":122,"column":11},"end":{"line":126,"column":5}},{"start":{"line":124,"column":11},"end":{"line":126,"column":5}}],"line":122},"5":{"loc":{"start":{"line":151,"column":6},"end":{"line":153,"column":7}},"type":"if","locations":[{"start":{"line":151,"column":6},"end":{"line":153,"column":7}},{"start":{},"end":{}}],"line":151}},"s":{"0":1,"1":1,"2":1,"3":1,"4":1,"5":1,"6":1,"7":1,"8":1,"9":1,"10":2,"11":2,"12":1,"13":1,"14":1,"15":1,"16":1,"17":0,"18":0,"19":1,"20":0,"21":0,"22":0,"23":1,"24":0,"25":0,"26":0,"27":0,"28":0,"29":0,"30":0,"31":0,"32":0,"33":0,"34":0,"35":0,"36":0,"37":0,"38":0,"39":0,"40":0,"41":0,"42":0,"43":0,"44":0,"45":0,"46":0,"47":0,"48":0,"49":0,"50":0,"51":0,"52":0,"53":0,"54":0,"55":0,"56":0,"57":0,"58":0,"59":0,"60":1,"61":0,"62":0,"63":0,"64":0,"65":0,"66":0,"67":0,"68":0,"69":0,"70":0,"71":0,"72":0,"73":0,"74":0,"75":0,"76":0,"77":1,"78":0,"79":0,"80":0,"81":0,"82":1,"83":0,"84":0,"85":0,"86":0,"87":0,"88":1},"f":{"0":2,"1":0,"2":0,"3":0,"4":0,"5":0,"6":0,"7":0,"8":0,"9":0,"10":0,"11":0,"12":0,"13":0,"14":0},"b":{"0":[0,0],"1":[0,0],"2":[0,0],"3":[0,0],"4":[0,0],"5":[0,0]},"_coverageSchema":"1a1c01bbd47fc00a2c39e90264f33305004495a9","hash":"35c900fdb64434ba14a07ef1fa0e71c995b1fd2d"}
,"C:\\Users\\edais\\Desktop\\CertVerify\\src\\db\\db.js": {"path":"C:\\Users\\edais\\Desktop\\CertVerify\\src\\db\\db.js","statementMap":{"0":{"start":{"line":1,"column":14},"end":{"line":1,"column":32}},"1":{"start":{"line":2,"column":19},"end":{"line":2,"column":46}},"2":{"start":{"line":4,"column":9},"end":{"line":4,"column":53}},"3":{"start":{"line":7,"column":13},"end":{"line":36,"column":1}},"4":{"start":{"line":8,"column":16},"end":{"line":16,"column":33}},"5":{"start":{"line":18,"column":20},"end":{"line":20,"column":31}},"6":{"start":{"line":22,"column":2},"end":{"line":35,"column":5}},"7":{"start":{"line":23,"column":4},"end":{"line":28,"column":7}},"8":{"start":{"line":24,"column":6},"end":{"line":26,"column":7}},"9":{"start":{"line":25,"column":8},"end":{"line":25,"column":27}},"10":{"start":{"line":27,"column":6},"end":{"line":27,"column":16}},"11":{"start":{"line":29,"column":4},"end":{"line":34,"column":7}},"12":{"start":{"line":30,"column":6},"end":{"line":32,"column":7}},"13":{"start":{"line":31,"column":8},"end":{"line":31,"column":27}},"14":{"start":{"line":33,"column":6},"end":{"line":33,"column":16}},"15":{"start":{"line":38,"column":16},"end":{"line":51,"column":1}},"16":{"start":{"line":39,"column":33},"end":{"line":39,"column":37}},"17":{"start":{"line":40,"column":2},"end":{"line":50,"column":5}},"18":{"start":{"line":41,"column":18},"end":{"line":43,"column":18}},"19":{"start":{"line":44,"column":4},"end":{"line":49,"column":7}},"20":{"start":{"line":45,"column":6},"end":{"line":47,"column":7}},"21":{"start":{"line":46,"column":8},"end":{"line":46,"column":27}},"22":{"start":{"line":48,"column":6},"end":{"line":48,"column":20}},"23":{"start":{"line":53,"column":17},"end":{"line":63,"column":1}},"24":{"start":{"line":54,"column":2},"end":{"line":62,"column":5}},"25":{"start":{"line":55,"column":18},"end":{"line":55,"column":69}},"26":{"start":{"line":56,"column":4},"end":{"line":61,"column":7}},"27":{"start":{"line":57,"column":6},"end":{"line":59,"column":7}},"28":{"start":{"line":58,"column":8},"end":{"line":58,"column":27}},"29":{"start":{"line":60,"column":6},"end":{"line":60,"column":19}},"30":{"start":{"line":65,"column":19},"end":{"line":106,"column":1}},"31":{"start":{"line":74,"column":6},"end":{"line":74,"column":13}},"32":{"start":{"line":75,"column":2},"end":{"line":105,"column":5}},"33":{"start":{"line":76,"column":18},"end":{"line":84,"column":52}},"34":{"start":{"line":85,"column":4},"end":{"line":104,"column":6}},"35":{"start":{"line":98,"column":8},"end":{"line":100,"column":9}},"36":{"start":{"line":99,"column":10},"end":{"line":99,"column":29}},"37":{"start":{"line":101,"column":8},"end":{"line":101,"column":47}},"38":{"start":{"line":102,"column":8},"end":{"line":102,"column":22}},"39":{"start":{"line":108,"column":28},"end":{"line":130,"column":1}},"40":{"start":{"line":109,"column":2},"end":{"line":129,"column":5}},"41":{"start":{"line":110,"column":18},"end":{"line":118,"column":50}},"42":{"start":{"line":119,"column":4},"end":{"line":128,"column":7}},"43":{"start":{"line":120,"column":6},"end":{"line":127,"column":9}},"44":{"start":{"line":121,"column":8},"end":{"line":124,"column":9}},"45":{"start":{"line":122,"column":10},"end":{"line":122,"column":28}},"46":{"start":{"line":123,"column":10},"end":{"line":123,"column":29}},"47":{"start":{"line":125,"column":8},"end":{"line":125,"column":47}},"48":{"start":{"line":126,"column":8},"end":{"line":126,"column":28}},"49":{"start":{"line":132,"column":20},"end":{"line":143,"column":1}},"50":{"start":{"line":133,"column":2},"end":{"line":142,"column":5}},"51":{"start":{"line":134,"column":18},"end":{"line":134,"column":64}},"52":{"start":{"line":135,"column":4},"end":{"line":141,"column":7}},"53":{"start":{"line":136,"column":6},"end":{"line":140,"column":7}},"54":{"start":{"line":137,"column":8},"end":{"line":137,"column":20}},"55":{"start":{"line":139,"column":8},"end":{"line":139,"column":21}},"56":{"start":{"line":145,"column":24},"end":{"line":156,"column":1}},"57":{"start":{"line":146,"column":2},"end":{"line":155,"column":5}},"58":{"start":{"line":147,"column":18},"end":{"line":147,"column":41}},"59":{"start":{"line":148,"column":4},"end":{"line":154,"column":7}},"60":{"start":{"line":149,"column":6},"end":{"line":153,"column":7}},"61":{"start":{"line":150,"column":8},"end":{"line":150,"column":20}},"62":{"start":{"line":152,"column":8},"end":{"line":152,"column":22}},"63":{"start":{"line":158,"column":22},"end":{"line":169,"column":1}},"64":{"start":{"line":159,"column":2},"end":{"line":168,"column":5}},"65":{"start":{"line":160,"column":18},"end":{"line":160,"column":62}},"66":{"start":{"line":161,"column":4},"end":{"line":167,"column":7}},"67":{"start":{"line":162,"column":6},"end":{"line":164,"column":7}},"68":{"start":{"line":163,"column":8},"end":{"line":163,"column":27}},"69":{"start":{"line":165,"column":6},"end":{"line":165,"column":42}},"70":{"start":{"line":166,"column":6},"end":{"line":166,"column":16}},"71":{"start":{"line":171,"column":16},"end":{"line":180,"column":1}},"72":{"start":{"line":172,"column":2},"end":{"line":179,"column":5}},"73":{"start":{"line":173,"column":4},"end":{"line":176,"column":5}},"74":{"start":{"line":174,"column":6},"end":{"line":174,"column":24}},"75":{"start":{"line":175,"column":6},"end":{"line":175,"column":13}},"76":{"start":{"line":177,"column":4},"end":{"line":177,"column":42}},"77":{"start":{"line":178,"column":4},"end":{"line":178,"column":19}},"78":{"start":{"line":182,"column":0},"end":{"line":192,"column":2}}},"fnMap":{"0":{"name":"(anonymous_0)","decl":{"start":{"line":7,"column":13},"end":{"line":7,"column":14}},"loc":{"start":{"line":7,"column":19},"end":{"line":36,"column":1}},"line":7},"1":{"name":"(anonymous_1)","decl":{"start":{"line":22,"column":21},"end":{"line":22,"column":22}},"loc":{"start":{"line":22,"column":42},"end":{"line":35,"column":3}},"line":22},"2":{"name":"(anonymous_2)","decl":{"start":{"line":23,"column":18},"end":{"line":23,"column":19}},"loc":{"start":{"line":23,"column":27},"end":{"line":28,"column":5}},"line":23},"3":{"name":"(anonymous_3)","decl":{"start":{"line":29,"column":22},"end":{"line":29,"column":23}},"loc":{"start":{"line":29,"column":31},"end":{"line":34,"column":5}},"line":29},"4":{"name":"(anonymous_4)","decl":{"start":{"line":38,"column":16},"end":{"line":38,"column":17}},"loc":{"start":{"line":38,"column":26},"end":{"line":51,"column":1}},"line":38},"5":{"name":"(anonymous_5)","decl":{"start":{"line":40,"column":21},"end":{"line":40,"column":22}},"loc":{"start":{"line":40,"column":42},"end":{"line":50,"column":3}},"line":40},"6":{"name":"(anonymous_6)","decl":{"start":{"line":44,"column":40},"end":{"line":44,"column":41}},"loc":{"start":{"line":44,"column":49},"end":{"line":49,"column":5}},"line":44},"7":{"name":"(anonymous_7)","decl":{"start":{"line":53,"column":17},"end":{"line":53,"column":18}},"loc":{"start":{"line":53,"column":31},"end":{"line":63,"column":1}},"line":53},"8":{"name":"(anonymous_8)","decl":{"start":{"line":54,"column":21},"end":{"line":54,"column":22}},"loc":{"start":{"line":54,"column":42},"end":{"line":62,"column":3}},"line":54},"9":{"name":"(anonymous_9)","decl":{"start":{"line":56,"column":22},"end":{"line":56,"column":23}},"loc":{"start":{"line":56,"column":36},"end":{"line":61,"column":5}},"line":56},"10":{"name":"(anonymous_10)","decl":{"start":{"line":65,"column":19},"end":{"line":65,"column":20}},"loc":{"start":{"line":65,"column":36},"end":{"line":106,"column":1}},"line":65},"11":{"name":"(anonymous_11)","decl":{"start":{"line":75,"column":21},"end":{"line":75,"column":22}},"loc":{"start":{"line":75,"column":42},"end":{"line":105,"column":3}},"line":75},"12":{"name":"(anonymous_12)","decl":{"start":{"line":97,"column":6},"end":{"line":97,"column":7}},"loc":{"start":{"line":97,"column":15},"end":{"line":103,"column":7}},"line":97},"13":{"name":"(anonymous_13)","decl":{"start":{"line":108,"column":28},"end":{"line":108,"column":29}},"loc":{"start":{"line":108,"column":48},"end":{"line":130,"column":1}},"line":108},"14":{"name":"(anonymous_14)","decl":{"start":{"line":109,"column":21},"end":{"line":109,"column":22}},"loc":{"start":{"line":109,"column":42},"end":{"line":129,"column":3}},"line":109},"15":{"name":"(anonymous_15)","decl":{"start":{"line":119,"column":27},"end":{"line":119,"column":28}},"loc":{"start":{"line":119,"column":40},"end":{"line":128,"column":5}},"line":119},"16":{"name":"(anonymous_16)","decl":{"start":{"line":120,"column":29},"end":{"line":120,"column":30}},"loc":{"start":{"line":120,"column":43},"end":{"line":127,"column":7}},"line":120},"17":{"name":"(anonymous_17)","decl":{"start":{"line":132,"column":20},"end":{"line":132,"column":21}},"loc":{"start":{"line":132,"column":31},"end":{"line":143,"column":1}},"line":132},"18":{"name":"(anonymous_18)","decl":{"start":{"line":133,"column":21},"end":{"line":133,"column":22}},"loc":{"start":{"line":133,"column":42},"end":{"line":142,"column":3}},"line":133},"19":{"name":"(anonymous_19)","decl":{"start":{"line":135,"column":22},"end":{"line":135,"column":23}},"loc":{"start":{"line":135,"column":36},"end":{"line":141,"column":5}},"line":135},"20":{"name":"(anonymous_20)","decl":{"start":{"line":145,"column":24},"end":{"line":145,"column":25}},"loc":{"start":{"line":145,"column":30},"end":{"line":156,"column":1}},"line":145},"21":{"name":"(anonymous_21)","decl":{"start":{"line":146,"column":21},"end":{"line":146,"column":22}},"loc":{"start":{"line":146,"column":42},"end":{"line":155,"column":3}},"line":146},"22":{"name":"(anonymous_22)","decl":{"start":{"line":148,"column":22},"end":{"line":148,"column":23}},"loc":{"start":{"line":148,"column":37},"end":{"line":154,"column":5}},"line":148},"23":{"name":"(anonymous_23)","decl":{"start":{"line":158,"column":22},"end":{"line":158,"column":23}},"loc":{"start":{"line":158,"column":33},"end":{"line":169,"column":1}},"line":158},"24":{"name":"(anonymous_24)","decl":{"start":{"line":159,"column":21},"end":{"line":159,"column":22}},"loc":{"start":{"line":159,"column":42},"end":{"line":168,"column":3}},"line":159},"25":{"name":"(anonymous_25)","decl":{"start":{"line":161,"column":22},"end":{"line":161,"column":23}},"loc":{"start":{"line":161,"column":31},"end":{"line":167,"column":5}},"line":161},"26":{"name":"(anonymous_26)","decl":{"start":{"line":171,"column":16},"end":{"line":171,"column":17}},"loc":{"start":{"line":171,"column":22},"end":{"line":180,"column":1}},"line":171},"27":{"name":"(anonymous_27)","decl":{"start":{"line":172,"column":11},"end":{"line":172,"column":12}},"loc":{"start":{"line":172,"column":20},"end":{"line":179,"column":3}},"line":172}},"branchMap":{"0":{"loc":{"start":{"line":24,"column":6},"end":{"line":26,"column":7}},"type":"if","locations":[{"start":{"line":24,"column":6},"end":{"line":26,"column":7}},{"start":{},"end":{}}],"line":24},"1":{"loc":{"start":{"line":30,"column":6},"end":{"line":32,"column":7}},"type":"if","locations":[{"start":{"line":30,"column":6},"end":{"line":32,"column":7}},{"start":{},"end":{}}],"line":30},"2":{"loc":{"start":{"line":45,"column":6},"end":{"line":47,"column":7}},"type":"if","locations":[{"start":{"line":45,"column":6},"end":{"line":47,"column":7}},{"start":{},"end":{}}],"line":45},"3":{"loc":{"start":{"line":57,"column":6},"end":{"line":59,"column":7}},"type":"if","locations":[{"start":{"line":57,"column":6},"end":{"line":59,"column":7}},{"start":{},"end":{}}],"line":57},"4":{"loc":{"start":{"line":98,"column":8},"end":{"line":100,"column":9}},"type":"if","locations":[{"start":{"line":98,"column":8},"end":{"line":100,"column":9}},{"start":{},"end":{}}],"line":98},"5":{"loc":{"start":{"line":121,"column":8},"end":{"line":124,"column":9}},"type":"if","locations":[{"start":{"line":121,"column":8},"end":{"line":124,"column":9}},{"start":{},"end":{}}],"line":121},"6":{"loc":{"start":{"line":136,"column":6},"end":{"line":140,"column":7}},"type":"if","locations":[{"start":{"line":136,"column":6},"end":{"line":140,"column":7}},{"start":{"line":138,"column":13},"end":{"line":140,"column":7}}],"line":136},"7":{"loc":{"start":{"line":149,"column":6},"end":{"line":153,"column":7}},"type":"if","locations":[{"start":{"line":149,"column":6},"end":{"line":153,"column":7}},{"start":{"line":151,"column":13},"end":{"line":153,"column":7}}],"line":149},"8":{"loc":{"start":{"line":162,"column":6},"end":{"line":164,"column":7}},"type":"if","locations":[{"start":{"line":162,"column":6},"end":{"line":164,"column":7}},{"start":{},"end":{}}],"line":162},"9":{"loc":{"start":{"line":173,"column":4},"end":{"line":176,"column":5}},"type":"if","locations":[{"start":{"line":173,"column":4},"end":{"line":176,"column":5}},{"start":{},"end":{}}],"line":173}},"s":{"0":1,"1":1,"2":1,"3":1,"4":1,"5":1,"6":1,"7":1,"8":1,"9":0,"10":1,"11":1,"12":1,"13":0,"14":1,"15":1,"16":0,"17":0,"18":0,"19":0,"20":0,"21":0,"22":0,"23":1,"24":0,"25":0,"26":0,"27":0,"28":0,"29":0,"30":1,"31":0,"32":0,"33":0,"34":0,"35":0,"36":0,"37":0,"38":0,"39":1,"40":0,"41":0,"42":0,"43":0,"44":0,"45":0,"46":0,"47":0,"48":0,"49":1,"50":2,"51":2,"52":2,"53":2,"54":0,"55":2,"56":1,"57":1,"58":1,"59":1,"60":1,"61":0,"62":1,"63":1,"64":1,"65":1,"66":1,"67":1,"68":0,"69":1,"70":1,"71":1,"72":0,"73":0,"74":0,"75":0,"76":0,"77":0,"78":1},"f":{"0":1,"1":1,"2":1,"3":1,"4":0,"5":0,"6":0,"7":0,"8":0,"9":0,"10":0,"11":0,"12":0,"13":0,"14":0,"15":0,"16":0,"17":2,"18":2,"19":2,"20":1,"21":1,"22":1,"23":1,"24":1,"25":1,"26":0,"27":0},"b":{"0":[0,1],"1":[0,1],"2":[0,0],"3":[0,0],"4":[0,0],"5":[0,0],"6":[0,2],"7":[0,1],"8":[0,1],"9":[0,0]},"_coverageSchema":"1a1c01bbd47fc00a2c39e90264f33305004495a9","hash":"e0461f0859cb6ff45999ec05933bbdc4767b9255"}
,"C:\\Users\\edais\\Desktop\\CertVerify\\src\\exportToExcel\\excel.js": {"path":"C:\\Users\\edais\\Desktop\\CertVerify\\src\\exportToExcel\\excel.js","statementMap":{"0":{"start":{"line":1,"column":13},"end":{"line":1,"column":28}},"1":{"start":{"line":2,"column":16},"end":{"line":2,"column":34}},"2":{"start":{"line":3,"column":11},"end":{"line":3,"column":30}},"3":{"start":{"line":4,"column":24},"end":{"line":4,"column":43}},"4":{"start":{"line":5,"column":19},"end":{"line":5,"column":46}},"5":{"start":{"line":7,"column":18},"end":{"line":7,"column":59}},"6":{"start":{"line":9,"column":22},"end":{"line":92,"column":1}},"7":{"start":{"line":11,"column":17},"end":{"line":11,"column":39}},"8":{"start":{"line":12,"column":2},"end":{"line":12,"column":33}},"9":{"start":{"line":13,"column":2},"end":{"line":13,"column":33}},"10":{"start":{"line":16,"column":25},"end":{"line":16,"column":63}},"11":{"start":{"line":17,"column":26},"end":{"line":17,"column":65}},"12":{"start":{"line":18,"column":25},"end":{"line":18,"column":63}},"13":{"start":{"line":19,"column":23},"end":{"line":19,"column":59}},"14":{"start":{"line":21,"column":21},"end":{"line":26,"column":3}},"15":{"start":{"line":29,"column":19},"end":{"line":29,"column":45}},"16":{"start":{"line":32,"column":2},"end":{"line":43,"column":5}},"17":{"start":{"line":33,"column":4},"end":{"line":42,"column":6}},"18":{"start":{"line":46,"column":2},"end":{"line":56,"column":5}},"19":{"start":{"line":47,"column":4},"end":{"line":55,"column":5}},"20":{"start":{"line":48,"column":6},"end":{"line":48,"column":37}},"21":{"start":{"line":49,"column":11},"end":{"line":55,"column":5}},"22":{"start":{"line":50,"column":6},"end":{"line":50,"column":38}},"23":{"start":{"line":51,"column":11},"end":{"line":55,"column":5}},"24":{"start":{"line":52,"column":6},"end":{"line":52,"column":37}},"25":{"start":{"line":53,"column":11},"end":{"line":55,"column":5}},"26":{"start":{"line":54,"column":6},"end":{"line":54,"column":35}},"27":{"start":{"line":59,"column":21},"end":{"line":64,"column":3}},"28":{"start":{"line":66,"column":2},"end":{"line":72,"column":5}},"29":{"start":{"line":67,"column":4},"end":{"line":71,"column":7}},"30":{"start":{"line":68,"column":6},"end":{"line":70,"column":9}},"31":{"start":{"line":69,"column":8},"end":{"line":69,"column":35}},"32":{"start":{"line":75,"column":2},"end":{"line":82,"column":5}},"33":{"start":{"line":76,"column":4},"end":{"line":81,"column":6}},"34":{"start":{"line":85,"column":2},"end":{"line":87,"column":5}},"35":{"start":{"line":86,"column":4},"end":{"line":86,"column":46}},"36":{"start":{"line":89,"column":2},"end":{"line":89,"column":43}},"37":{"start":{"line":91,"column":2},"end":{"line":91,"column":19}},"38":{"start":{"line":94,"column":18},"end":{"line":117,"column":1}},"39":{"start":{"line":95,"column":17},"end":{"line":95,"column":39}},"40":{"start":{"line":96,"column":15},"end":{"line":96,"column":17}},"41":{"start":{"line":97,"column":2},"end":{"line":110,"column":5}},"42":{"start":{"line":98,"column":21},"end":{"line":98,"column":23}},"43":{"start":{"line":100,"column":4},"end":{"line":102,"column":5}},"44":{"start":{"line":100,"column":17},"end":{"line":100,"column":18}},"45":{"start":{"line":101,"column":6},"end":{"line":101,"column":48}},"46":{"start":{"line":103,"column":4},"end":{"line":109,"column":7}},"47":{"start":{"line":104,"column":6},"end":{"line":108,"column":9}},"48":{"start":{"line":105,"column":8},"end":{"line":105,"column":39}},"49":{"start":{"line":106,"column":8},"end":{"line":106,"column":40}},"50":{"start":{"line":107,"column":8},"end":{"line":107,"column":29}},"51":{"start":{"line":111,"column":2},"end":{"line":111,"column":46}},"52":{"start":{"line":112,"column":13},"end":{"line":112,"column":39}},"53":{"start":{"line":113,"column":2},"end":{"line":115,"column":5}},"54":{"start":{"line":114,"column":4},"end":{"line":114,"column":25}},"55":{"start":{"line":116,"column":2},"end":{"line":116,"column":14}},"56":{"start":{"line":119,"column":0},"end":{"line":122,"column":2}}},"fnMap":{"0":{"name":"(anonymous_0)","decl":{"start":{"line":9,"column":22},"end":{"line":9,"column":23}},"loc":{"start":{"line":9,"column":34},"end":{"line":92,"column":1}},"line":9},"1":{"name":"(anonymous_1)","decl":{"start":{"line":32,"column":17},"end":{"line":32,"column":18}},"loc":{"start":{"line":32,"column":32},"end":{"line":43,"column":3}},"line":32},"2":{"name":"(anonymous_2)","decl":{"start":{"line":46,"column":34},"end":{"line":46,"column":35}},"loc":{"start":{"line":46,"column":47},"end":{"line":56,"column":3}},"line":46},"3":{"name":"(anonymous_3)","decl":{"start":{"line":66,"column":17},"end":{"line":66,"column":18}},"loc":{"start":{"line":66,"column":32},"end":{"line":72,"column":3}},"line":66},"4":{"name":"(anonymous_4)","decl":{"start":{"line":67,"column":46},"end":{"line":67,"column":47}},"loc":{"start":{"line":67,"column":61},"end":{"line":71,"column":5}},"line":67},"5":{"name":"(anonymous_5)","decl":{"start":{"line":68,"column":43},"end":{"line":68,"column":44}},"loc":{"start":{"line":68,"column":59},"end":{"line":70,"column":7}},"line":68},"6":{"name":"(anonymous_6)","decl":{"start":{"line":75,"column":17},"end":{"line":75,"column":18}},"loc":{"start":{"line":75,"column":32},"end":{"line":82,"column":3}},"line":75},"7":{"name":"(anonymous_7)","decl":{"start":{"line":85,"column":17},"end":{"line":85,"column":18}},"loc":{"start":{"line":85,"column":32},"end":{"line":87,"column":3}},"line":85},"8":{"name":"(anonymous_8)","decl":{"start":{"line":94,"column":18},"end":{"line":94,"column":19}},"loc":{"start":{"line":94,"column":38},"end":{"line":117,"column":1}},"line":94},"9":{"name":"(anonymous_9)","decl":{"start":{"line":97,"column":46},"end":{"line":97,"column":47}},"loc":{"start":{"line":97,"column":52},"end":{"line":110,"column":3}},"line":97},"10":{"name":"(anonymous_10)","decl":{"start":{"line":103,"column":23},"end":{"line":103,"column":24}},"loc":{"start":{"line":103,"column":38},"end":{"line":109,"column":5}},"line":103},"11":{"name":"(anonymous_11)","decl":{"start":{"line":104,"column":48},"end":{"line":104,"column":49}},"loc":{"start":{"line":104,"column":57},"end":{"line":108,"column":7}},"line":104},"12":{"name":"(anonymous_12)","decl":{"start":{"line":113,"column":15},"end":{"line":113,"column":16}},"loc":{"start":{"line":113,"column":28},"end":{"line":115,"column":3}},"line":113}},"branchMap":{"0":{"loc":{"start":{"line":47,"column":4},"end":{"line":55,"column":5}},"type":"if","locations":[{"start":{"line":47,"column":4},"end":{"line":55,"column":5}},{"start":{"line":49,"column":11},"end":{"line":55,"column":5}}],"line":47},"1":{"loc":{"start":{"line":49,"column":11},"end":{"line":55,"column":5}},"type":"if","locations":[{"start":{"line":49,"column":11},"end":{"line":55,"column":5}},{"start":{"line":51,"column":11},"end":{"line":55,"column":5}}],"line":49},"2":{"loc":{"start":{"line":51,"column":11},"end":{"line":55,"column":5}},"type":"if","locations":[{"start":{"line":51,"column":11},"end":{"line":55,"column":5}},{"start":{"line":53,"column":11},"end":{"line":55,"column":5}}],"line":51},"3":{"loc":{"start":{"line":53,"column":11},"end":{"line":55,"column":5}},"type":"if","locations":[{"start":{"line":53,"column":11},"end":{"line":55,"column":5}},{"start":{},"end":{}}],"line":53}},"s":{"0":1,"1":1,"2":1,"3":1,"4":1,"5":1,"6":1,"7":0,"8":0,"9":0,"10":0,"11":0,"12":0,"13":0,"14":0,"15":0,"16":0,"17":0,"18":0,"19":0,"20":0,"21":0,"22":0,"23":0,"24":0,"25":0,"26":0,"27":0,"28":0,"29":0,"30":0,"31":0,"32":0,"33":0,"34":0,"35":0,"36":0,"37":0,"38":1,"39":0,"40":0,"41":0,"42":0,"43":0,"44":0,"45":0,"46":0,"47":0,"48":0,"49":0,"50":0,"51":0,"52":0,"53":0,"54":0,"55":0,"56":1},"f":{"0":0,"1":0,"2":0,"3":0,"4":0,"5":0,"6":0,"7":0,"8":0,"9":0,"10":0,"11":0,"12":0},"b":{"0":[0,0],"1":[0,0],"2":[0,0],"3":[0,0]},"_coverageSchema":"1a1c01bbd47fc00a2c39e90264f33305004495a9","hash":"79498cccf802eeb0ce13240447c960096168d60e"}
,"C:\\Users\\edais\\Desktop\\CertVerify\\src\\logger\\logger.js": {"path":"C:\\Users\\edais\\Desktop\\CertVerify\\src\\logger\\logger.js","statementMap":{"0":{"start":{"line":1,"column":45},"end":{"line":1,"column":63}},"1":{"start":{"line":2,"column":39},"end":{"line":2,"column":45}},"2":{"start":{"line":4,"column":17},"end":{"line":6,"column":2}},"3":{"start":{"line":5,"column":2},"end":{"line":5,"column":45}},"4":{"start":{"line":8,"column":15},"end":{"line":20,"column":2}},"5":{"start":{"line":22,"column":0},"end":{"line":22,"column":28}}},"fnMap":{"0":{"name":"(anonymous_0)","decl":{"start":{"line":4,"column":24},"end":{"line":4,"column":25}},"loc":{"start":{"line":4,"column":59},"end":{"line":6,"column":1}},"line":4}},"branchMap":{},"s":{"0":1,"1":1,"2":1,"3":2,"4":1,"5":1},"f":{"0":2},"b":{},"_coverageSchema":"1a1c01bbd47fc00a2c39e90264f33305004495a9","hash":"3a37f5fe59a310b691660e3a9604e4b071b876d0"}
,"C:\\Users\\edais\\Desktop\\CertVerify\\src\\mail\\mail.js": {"path":"C:\\Users\\edais\\Desktop\\CertVerify\\src\\mail\\mail.js","statementMap":{"0":{"start":{"line":1,"column":11},"end":{"line":1,"column":24}},"1":{"start":{"line":2,"column":19},"end":{"line":2,"column":40}},"2":{"start":{"line":3,"column":19},"end":{"line":3,"column":40}},"3":{"start":{"line":4,"column":13},"end":{"line":4,"column":28}},"4":{"start":{"line":5,"column":17},"end":{"line":5,"column":41}},"5":{"start":{"line":6,"column":19},"end":{"line":6,"column":46}},"6":{"start":{"line":9,"column":21},"end":{"line":13,"column":1}},"7":{"start":{"line":15,"column":0},"end":{"line":17,"column":3}},"8":{"start":{"line":20,"column":18},"end":{"line":53,"column":1}},"9":{"start":{"line":21,"column":2},"end":{"line":52,"column":3}},"10":{"start":{"line":23,"column":22},"end":{"line":29,"column":6}},"11":{"start":{"line":30,"column":4},"end":{"line":30,"column":27}},"12":{"start":{"line":33,"column":22},"end":{"line":48,"column":5}},"13":{"start":{"line":49,"column":4},"end":{"line":49,"column":51}},"14":{"start":{"line":51,"column":4},"end":{"line":51,"column":36}},"15":{"start":{"line":56,"column":19},"end":{"line":97,"column":1}},"16":{"start":{"line":57,"column":2},"end":{"line":96,"column":3}},"17":{"start":{"line":59,"column":22},"end":{"line":65,"column":6}},"18":{"start":{"line":67,"column":24},"end":{"line":67,"column":72}},"19":{"start":{"line":68,"column":22},"end":{"line":83,"column":5}},"20":{"start":{"line":85,"column":4},"end":{"line":93,"column":7}},"21":{"start":{"line":86,"column":6},"end":{"line":92,"column":9}},"22":{"start":{"line":87,"column":8},"end":{"line":91,"column":9}},"23":{"start":{"line":88,"column":10},"end":{"line":88,"column":41}},"24":{"start":{"line":90,"column":10},"end":{"line":90,"column":44}},"25":{"start":{"line":95,"column":4},"end":{"line":95,"column":36}},"26":{"start":{"line":99,"column":0},"end":{"line":99,"column":43}}},"fnMap":{"0":{"name":"(anonymous_0)","decl":{"start":{"line":20,"column":18},"end":{"line":20,"column":19}},"loc":{"start":{"line":20,"column":67},"end":{"line":53,"column":1}},"line":20},"1":{"name":"(anonymous_1)","decl":{"start":{"line":56,"column":19},"end":{"line":56,"column":20}},"loc":{"start":{"line":56,"column":31},"end":{"line":97,"column":1}},"line":56},"2":{"name":"(anonymous_2)","decl":{"start":{"line":85,"column":56},"end":{"line":85,"column":57}},"loc":{"start":{"line":85,"column":68},"end":{"line":93,"column":5}},"line":85},"3":{"name":"(anonymous_3)","decl":{"start":{"line":86,"column":33},"end":{"line":86,"column":34}},"loc":{"start":{"line":86,"column":48},"end":{"line":92,"column":7}},"line":86}},"branchMap":{"0":{"loc":{"start":{"line":87,"column":8},"end":{"line":91,"column":9}},"type":"if","locations":[{"start":{"line":87,"column":8},"end":{"line":91,"column":9}},{"start":{"line":89,"column":15},"end":{"line":91,"column":9}}],"line":87}},"s":{"0":1,"1":1,"2":1,"3":1,"4":1,"5":1,"6":1,"7":1,"8":1,"9":0,"10":0,"11":0,"12":0,"13":0,"14":0,"15":1,"16":0,"17":0,"18":0,"19":0,"20":0,"21":0,"22":0,"23":0,"24":0,"25":0,"26":1},"f":{"0":0,"1":0,"2":0,"3":0},"b":{"0":[0,0]},"_coverageSchema":"1a1c01bbd47fc00a2c39e90264f33305004495a9","hash":"ac6ba811a87df5d9d9ef6fc38567614c5759d0db"}
}
