TN:
SF:src\app.js
FN:28,(anonymous_0)
FN:34,(anonymous_1)
FN:42,(anonymous_2)
FN:44,(anonymous_3)
FN:50,(anonymous_4)
FN:60,(anonymous_5)
FN:74,(anonymous_6)
FN:78,(anonymous_7)
FN:96,(anonymous_8)
FN:100,(anonymous_9)
FN:106,(anonymous_10)
FN:108,(anonymous_11)
FN:117,(anonymous_12)
FN:119,(anonymous_13)
FN:120,(anonymous_14)
FN:123,(anonymous_15)
FN:125,(anonymous_16)
FN:128,(anonymous_17)
FN:133,(anonymous_18)
FN:138,(anonymous_19)
FN:149,(anonymous_20)
FN:153,(anonymous_21)
FN:155,(anonymous_22)
FNF:23
FNH:8
FNDA:1,(anonymous_0)
FNDA:0,(anonymous_1)
FNDA:0,(anonymous_2)
FNDA:0,(anonymous_3)
FNDA:0,(anonymous_4)
FNDA:0,(anonymous_5)
FNDA:0,(anonymous_6)
FNDA:0,(anonymous_7)
FNDA:0,(anonymous_8)
FNDA:0,(anonymous_9)
FNDA:2,(anonymous_10)
FNDA:2,(anonymous_11)
FNDA:1,(anonymous_12)
FNDA:1,(anonymous_13)
FNDA:0,(anonymous_14)
FNDA:1,(anonymous_15)
FNDA:1,(anonymous_16)
FNDA:0,(anonymous_17)
FNDA:0,(anonymous_18)
FNDA:0,(anonymous_19)
FNDA:0,(anonymous_20)
FNDA:1,(anonymous_21)
FNDA:0,(anonymous_22)
DA:1,1
DA:2,1
DA:3,1
DA:4,1
DA:5,1
DA:6,1
DA:7,1
DA:9,1
DA:10,1
DA:12,1
DA:13,1
DA:14,1
DA:21,1
DA:22,1
DA:24,1
DA:25,1
DA:26,1
DA:28,1
DA:29,1
DA:34,1
DA:35,0
DA:36,0
DA:37,0
DA:38,0
DA:39,0
DA:42,1
DA:43,0
DA:44,0
DA:45,0
DA:47,0
DA:48,0
DA:49,0
DA:50,0
DA:51,0
DA:52,0
DA:54,0
DA:56,0
DA:60,1
DA:61,0
DA:62,0
DA:63,0
DA:64,0
DA:65,0
DA:67,0
DA:70,0
DA:74,1
DA:75,0
DA:76,0
DA:77,0
DA:78,0
DA:79,0
DA:84,0
DA:86,0
DA:87,0
DA:88,0
DA:97,0
DA:98,0
DA:100,0
DA:101,0
DA:102,0
DA:106,1
DA:107,2
DA:108,2
DA:109,2
DA:110,1
DA:112,1
DA:117,1
DA:118,1
DA:119,1
DA:120,0
DA:123,1
DA:124,1
DA:125,1
DA:128,1
DA:129,0
DA:130,0
DA:133,1
DA:134,0
DA:135,0
DA:138,1
DA:139,0
DA:140,0
DA:141,0
DA:142,0
DA:144,0
DA:145,0
DA:149,1
DA:150,0
DA:153,1
DA:154,1
DA:155,1
DA:156,0
DA:160,1
LF:93
LH:43
BRDA:6,0,0,1
BRDA:6,0,1,0
BRDA:47,1,0,0
BRDA:47,1,1,0
BRDA:63,2,0,0
BRDA:63,2,1,0
BRDA:64,3,0,0
BRDA:64,3,1,0
BRDA:86,4,0,0
BRDA:86,4,1,0
BRDA:109,5,0,1
BRDA:109,5,1,1
BRF:12
BRH:3
end_of_record
TN:
SF:src\utils.js
FN:12,(anonymous_0)
FN:39,(anonymous_1)
FN:44,(anonymous_2)
FN:52,(anonymous_3)
FN:85,(anonymous_4)
FN:97,(anonymous_5)
FN:104,(anonymous_6)
FN:110,(anonymous_7)
FN:117,(anonymous_8)
FN:139,(anonymous_9)
FN:140,(anonymous_10)
FN:141,(anonymous_11)
FN:148,(anonymous_12)
FN:149,(anonymous_13)
FN:150,(anonymous_14)
FNF:15
FNH:1
FNDA:2,(anonymous_0)
FNDA:0,(anonymous_1)
FNDA:0,(anonymous_2)
FNDA:0,(anonymous_3)
FNDA:0,(anonymous_4)
FNDA:0,(anonymous_5)
FNDA:0,(anonymous_6)
FNDA:0,(anonymous_7)
FNDA:0,(anonymous_8)
FNDA:0,(anonymous_9)
FNDA:0,(anonymous_10)
FNDA:0,(anonymous_11)
FNDA:0,(anonymous_12)
FNDA:0,(anonymous_13)
FNDA:0,(anonymous_14)
DA:1,1
DA:2,1
DA:3,1
DA:4,1
DA:5,1
DA:6,1
DA:7,1
DA:9,1
DA:10,1
DA:12,1
DA:13,2
DA:16,2
DA:19,1
DA:20,1
DA:22,1
DA:28,1
DA:39,1
DA:40,0
DA:41,0
DA:44,1
DA:45,0
DA:46,0
DA:49,0
DA:52,1
DA:54,0
DA:55,0
DA:56,0
DA:57,0
DA:59,0
DA:61,0
DA:63,0
DA:64,0
DA:65,0
DA:66,0
DA:67,0
DA:68,0
DA:70,0
DA:72,0
DA:73,0
DA:74,0
DA:76,0
DA:77,0
DA:78,0
DA:79,0
DA:80,0
DA:82,0
DA:83,0
DA:85,0
DA:86,0
DA:87,0
DA:90,0
DA:91,0
DA:94,0
DA:98,0
DA:99,0
DA:101,0
DA:104,0
DA:105,0
DA:106,0
DA:110,1
DA:111,0
DA:112,0
DA:113,0
DA:114,0
DA:115,0
DA:116,0
DA:117,0
DA:118,0
DA:119,0
DA:120,0
DA:121,0
DA:122,0
DA:123,0
DA:125,0
DA:128,0
DA:129,0
DA:139,1
DA:140,0
DA:141,0
DA:142,0
DA:143,0
DA:148,1
DA:149,0
DA:150,0
DA:151,0
DA:152,0
DA:154,0
DA:159,1
LF:88
LH:23
BRDA:98,0,0,0
BRDA:98,0,1,0
BRDA:105,1,0,0
BRDA:105,1,1,0
BRDA:118,2,0,0
BRDA:118,2,1,0
BRDA:120,3,0,0
BRDA:120,3,1,0
BRDA:122,4,0,0
BRDA:122,4,1,0
BRDA:151,5,0,0
BRDA:151,5,1,0
BRF:12
BRH:0
end_of_record
TN:
SF:src\db\db.js
FN:7,(anonymous_0)
FN:22,(anonymous_1)
FN:23,(anonymous_2)
FN:29,(anonymous_3)
FN:38,(anonymous_4)
FN:40,(anonymous_5)
FN:44,(anonymous_6)
FN:53,(anonymous_7)
FN:54,(anonymous_8)
FN:56,(anonymous_9)
FN:65,(anonymous_10)
FN:75,(anonymous_11)
FN:97,(anonymous_12)
FN:108,(anonymous_13)
FN:109,(anonymous_14)
FN:119,(anonymous_15)
FN:120,(anonymous_16)
FN:132,(anonymous_17)
FN:133,(anonymous_18)
FN:135,(anonymous_19)
FN:145,(anonymous_20)
FN:146,(anonymous_21)
FN:148,(anonymous_22)
FN:158,(anonymous_23)
FN:159,(anonymous_24)
FN:161,(anonymous_25)
FN:171,(anonymous_26)
FN:172,(anonymous_27)
FNF:28
FNH:13
FNDA:1,(anonymous_0)
FNDA:1,(anonymous_1)
FNDA:1,(anonymous_2)
FNDA:1,(anonymous_3)
FNDA:0,(anonymous_4)
FNDA:0,(anonymous_5)
FNDA:0,(anonymous_6)
FNDA:0,(anonymous_7)
FNDA:0,(anonymous_8)
FNDA:0,(anonymous_9)
FNDA:0,(anonymous_10)
FNDA:0,(anonymous_11)
FNDA:0,(anonymous_12)
FNDA:0,(anonymous_13)
FNDA:0,(anonymous_14)
FNDA:0,(anonymous_15)
FNDA:0,(anonymous_16)
FNDA:2,(anonymous_17)
FNDA:2,(anonymous_18)
FNDA:2,(anonymous_19)
FNDA:1,(anonymous_20)
FNDA:1,(anonymous_21)
FNDA:1,(anonymous_22)
FNDA:1,(anonymous_23)
FNDA:1,(anonymous_24)
FNDA:1,(anonymous_25)
FNDA:0,(anonymous_26)
FNDA:0,(anonymous_27)
DA:1,1
DA:2,1
DA:4,1
DA:7,1
DA:8,1
DA:18,1
DA:22,1
DA:23,1
DA:24,1
DA:25,0
DA:27,1
DA:29,1
DA:30,1
DA:31,0
DA:33,1
DA:38,1
DA:39,0
DA:40,0
DA:41,0
DA:44,0
DA:45,0
DA:46,0
DA:48,0
DA:53,1
DA:54,0
DA:55,0
DA:56,0
DA:57,0
DA:58,0
DA:60,0
DA:65,1
DA:74,0
DA:75,0
DA:76,0
DA:85,0
DA:98,0
DA:99,0
DA:101,0
DA:102,0
DA:108,1
DA:109,0
DA:110,0
DA:119,0
DA:120,0
DA:121,0
DA:122,0
DA:123,0
DA:125,0
DA:126,0
DA:132,1
DA:133,2
DA:134,2
DA:135,2
DA:136,2
DA:137,0
DA:139,2
DA:145,1
DA:146,1
DA:147,1
DA:148,1
DA:149,1
DA:150,0
DA:152,1
DA:158,1
DA:159,1
DA:160,1
DA:161,1
DA:162,1
DA:163,0
DA:165,1
DA:166,1
DA:171,1
DA:172,0
DA:173,0
DA:174,0
DA:175,0
DA:177,0
DA:178,0
DA:182,1
LF:79
LH:38
BRDA:24,0,0,0
BRDA:24,0,1,1
BRDA:30,1,0,0
BRDA:30,1,1,1
BRDA:45,2,0,0
BRDA:45,2,1,0
BRDA:57,3,0,0
BRDA:57,3,1,0
BRDA:98,4,0,0
BRDA:98,4,1,0
BRDA:121,5,0,0
BRDA:121,5,1,0
BRDA:136,6,0,0
BRDA:136,6,1,2
BRDA:149,7,0,0
BRDA:149,7,1,1
BRDA:162,8,0,0
BRDA:162,8,1,1
BRDA:173,9,0,0
BRDA:173,9,1,0
BRF:20
BRH:5
end_of_record
TN:
SF:src\exportToExcel\excel.js
FN:9,(anonymous_0)
FN:32,(anonymous_1)
FN:46,(anonymous_2)
FN:66,(anonymous_3)
FN:67,(anonymous_4)
FN:68,(anonymous_5)
FN:75,(anonymous_6)
FN:85,(anonymous_7)
FN:94,(anonymous_8)
FN:97,(anonymous_9)
FN:103,(anonymous_10)
FN:104,(anonymous_11)
FN:113,(anonymous_12)
FNF:13
FNH:0
FNDA:0,(anonymous_0)
FNDA:0,(anonymous_1)
FNDA:0,(anonymous_2)
FNDA:0,(anonymous_3)
FNDA:0,(anonymous_4)
FNDA:0,(anonymous_5)
FNDA:0,(anonymous_6)
FNDA:0,(anonymous_7)
FNDA:0,(anonymous_8)
FNDA:0,(anonymous_9)
FNDA:0,(anonymous_10)
FNDA:0,(anonymous_11)
FNDA:0,(anonymous_12)
DA:1,1
DA:2,1
DA:3,1
DA:4,1
DA:5,1
DA:7,1
DA:9,1
DA:11,0
DA:12,0
DA:13,0
DA:16,0
DA:17,0
DA:18,0
DA:19,0
DA:21,0
DA:29,0
DA:32,0
DA:33,0
DA:46,0
DA:47,0
DA:48,0
DA:49,0
DA:50,0
DA:51,0
DA:52,0
DA:53,0
DA:54,0
DA:59,0
DA:66,0
DA:67,0
DA:68,0
DA:69,0
DA:75,0
DA:76,0
DA:85,0
DA:86,0
DA:89,0
DA:91,0
DA:94,1
DA:95,0
DA:96,0
DA:97,0
DA:98,0
DA:100,0
DA:101,0
DA:103,0
DA:104,0
DA:105,0
DA:106,0
DA:107,0
DA:111,0
DA:112,0
DA:113,0
DA:114,0
DA:116,0
DA:119,1
LF:56
LH:9
BRDA:47,0,0,0
BRDA:47,0,1,0
BRDA:49,1,0,0
BRDA:49,1,1,0
BRDA:51,2,0,0
BRDA:51,2,1,0
BRDA:53,3,0,0
BRDA:53,3,1,0
BRF:8
BRH:0
end_of_record
TN:
SF:src\logger\logger.js
FN:4,(anonymous_0)
FNF:1
FNH:1
FNDA:2,(anonymous_0)
DA:1,1
DA:2,1
DA:4,1
DA:5,2
DA:8,1
DA:22,1
LF:6
LH:6
BRF:0
BRH:0
end_of_record
TN:
SF:src\mail\mail.js
FN:20,(anonymous_0)
FN:56,(anonymous_1)
FN:85,(anonymous_2)
FN:86,(anonymous_3)
FNF:4
FNH:0
FNDA:0,(anonymous_0)
FNDA:0,(anonymous_1)
FNDA:0,(anonymous_2)
FNDA:0,(anonymous_3)
DA:1,1
DA:2,1
DA:3,1
DA:4,1
DA:5,1
DA:6,1
DA:9,1
DA:15,1
DA:20,1
DA:21,0
DA:23,0
DA:30,0
DA:33,0
DA:49,0
DA:51,0
DA:56,1
DA:57,0
DA:59,0
DA:67,0
DA:68,0
DA:85,0
DA:86,0
DA:87,0
DA:88,0
DA:90,0
DA:95,0
DA:99,1
LF:27
LH:11
BRDA:87,0,0,0
BRDA:87,0,1,0
BRF:2
BRH:0
end_of_record
